2024-12-08 23:58:43,327,2024/12/08, 23:58:43,匿名ユーザ,Print start,./M_S/output_0.gcode
2024-12-09 00:48:11,983,2024/12/09, 00:48:11,匿名ユーザ,Press button,50
2024-12-09 00:48:12,116,2024/12/09, 00:48:12,匿名ユーザ,Press button,59
2024-12-09 00:48:12,250,2024/12/09, 00:48:12,匿名ユーザ,Press button,69
2024-12-09 00:48:12,350,2024/12/09, 00:48:12,匿名ユーザ,Press button,79
2024-12-09 00:48:12,440,2024/12/09, 00:48:12,匿名ユーザ,Press button,89
2024-12-09 00:48:12,544,2024/12/09, 00:48:12,匿名ユーザ,Press button,99
2024-12-09 00:48:12,666,2024/12/09, 00:48:12,匿名ユーザ,Press button,109
2024-12-09 00:48:12,758,2024/12/09, 00:48:12,匿名ユーザ,Press button,119
2024-12-09 00:48:12,974,2024/12/09, 00:48:12,匿名ユーザ,Press button,129
2024-12-09 00:48:13,250,2024/12/09, 00:48:13,匿名ユーザ,Press button,138
2024-12-09 00:48:13,455,2024/12/09, 00:48:13,匿名ユーザ,Press button,148
2024-12-09 00:48:13,578,2024/12/09, 00:48:13,匿名ユーザ,Press button,158
2024-12-09 00:48:13,675,2024/12/09, 00:48:13,匿名ユーザ,Press button,168
2024-12-09 00:48:13,775,2024/12/09, 00:48:13,匿名ユーザ,Press button,178
2024-12-09 00:48:13,904,2024/12/09, 00:48:13,匿名ユーザ,Press button,188
2024-12-09 00:48:13,988,2024/12/09, 00:48:13,匿名ユーザ,Press button,197
2024-12-09 00:48:14,117,2024/12/09, 00:48:14,匿名ユーザ,Press button,207
2024-12-09 00:48:14,217,2024/12/09, 00:48:14,匿名ユーザ,Press button,217
2024-12-09 00:48:14,339,2024/12/09, 00:48:14,匿名ユーザ,Press button,227
2024-12-09 00:48:14,567,2024/12/09, 00:48:14,匿名ユーザ,Press button,237
2024-12-09 00:48:14,724,2024/12/09, 00:48:14,匿名ユーザ,Press button,247
2024-12-09 00:48:14,913,2024/12/09, 00:48:14,匿名ユーザ,Press button,257
2024-12-09 00:48:15,084,2024/12/09, 00:48:15,匿名ユーザ,Press button,266
2024-12-09 00:48:15,226,2024/12/09, 00:48:15,匿名ユーザ,Press button,276
2024-12-09 00:48:15,360,2024/12/09, 00:48:15,匿名ユーザ,Press button,286
2024-12-09 00:48:15,495,2024/12/09, 00:48:15,匿名ユーザ,Press button,296
2024-12-09 00:48:15,632,2024/12/09, 00:48:15,匿名ユーザ,Press button,306
2024-12-09 00:48:15,778,2024/12/09, 00:48:15,匿名ユーザ,Press button,316
2024-12-09 00:48:15,917,2024/12/09, 00:48:15,匿名ユーザ,Press button,326
2024-12-09 00:48:16,150,2024/12/09, 00:48:16,匿名ユーザ,Press button,335
2024-12-09 00:48:16,796,2024/12/09, 00:48:16,匿名ユーザ,Press button,345
2024-12-09 00:48:16,912,2024/12/09, 00:48:16,匿名ユーザ,Press button,355
2024-12-09 00:48:17,036,2024/12/09, 00:48:17,匿名ユーザ,Press button,364
2024-12-09 00:48:17,164,2024/12/09, 00:48:17,匿名ユーザ,Press button,374
2024-12-09 00:48:17,266,2024/12/09, 00:48:17,匿名ユーザ,Press button,384
2024-12-09 00:48:17,402,2024/12/09, 00:48:17,匿名ユーザ,Press button,394
2024-12-09 00:48:17,488,2024/12/09, 00:48:17,匿名ユーザ,Press button,404
2024-12-09 00:48:17,622,2024/12/09, 00:48:17,匿名ユーザ,Press button,414
2024-12-09 00:48:17,729,2024/12/09, 00:48:17,匿名ユーザ,Press button,424
2024-12-09 00:48:17,887,2024/12/09, 00:48:17,匿名ユーザ,Press button,434
2024-12-09 00:48:18,089,2024/12/09, 00:48:18,匿名ユーザ,Press button,443
2024-12-09 00:48:18,248,2024/12/09, 00:48:18,匿名ユーザ,Press button,453
2024-12-09 00:48:18,357,2024/12/09, 00:48:18,匿名ユーザ,Press button,463
2024-12-09 00:48:18,444,2024/12/09, 00:48:18,匿名ユーザ,Press button,473
2024-12-09 00:48:18,674,2024/12/09, 00:48:18,匿名ユーザ,Press button,483
2024-12-09 01:15:09,361,2024/12/09, 01:15:09,匿名ユーザ,Press button,50
2024-12-09 01:15:09,531,2024/12/09, 01:15:09,匿名ユーザ,Press button,60
2024-12-09 01:15:09,694,2024/12/09, 01:15:09,匿名ユーザ,Press button,70
2024-12-09 01:15:09,820,2024/12/09, 01:15:09,匿名ユーザ,Press button,80
2024-12-09 01:15:09,956,2024/12/09, 01:15:09,匿名ユーザ,Press button,90
2024-12-09 01:15:10,089,2024/12/09, 01:15:10,匿名ユーザ,Press button,100
2024-12-09 01:15:10,209,2024/12/09, 01:15:10,匿名ユーザ,Press button,110
2024-12-09 01:15:10,293,2024/12/09, 01:15:10,匿名ユーザ,Press button,120
2024-12-09 01:15:10,396,2024/12/09, 01:15:10,匿名ユーザ,Press button,130
2024-12-09 01:15:10,516,2024/12/09, 01:15:10,匿名ユーザ,Press button,140
2024-12-09 01:15:10,621,2024/12/09, 01:15:10,匿名ユーザ,Press button,150
2024-12-09 01:15:10,712,2024/12/09, 01:15:10,匿名ユーザ,Press button,160
2024-12-09 01:15:10,809,2024/12/09, 01:15:10,匿名ユーザ,Press button,170
2024-12-09 01:15:10,943,2024/12/09, 01:15:10,匿名ユーザ,Press button,180
2024-12-09 01:15:11,151,2024/12/09, 01:15:11,匿名ユーザ,Press button,189
2024-12-09 01:15:11,277,2024/12/09, 01:15:11,匿名ユーザ,Press button,199
2024-12-09 01:15:11,383,2024/12/09, 01:15:11,匿名ユーザ,Press button,209
2024-12-09 01:15:11,613,2024/12/09, 01:15:11,匿名ユーザ,Press button,219
2024-12-09 01:15:11,729,2024/12/09, 01:15:11,匿名ユーザ,Press button,229
2024-12-09 01:15:11,850,2024/12/09, 01:15:11,匿名ユーザ,Press button,239
2024-12-09 01:15:11,947,2024/12/09, 01:15:11,匿名ユーザ,Press button,249
2024-12-09 01:15:12,050,2024/12/09, 01:15:12,匿名ユーザ,Press button,259
2024-12-09 01:15:12,176,2024/12/09, 01:15:12,匿名ユーザ,Press button,268
2024-12-09 01:15:12,282,2024/12/09, 01:15:12,匿名ユーザ,Press button,278
2024-12-09 01:15:12,393,2024/12/09, 01:15:12,匿名ユーザ,Press button,288
2024-12-09 01:15:12,501,2024/12/09, 01:15:12,匿名ユーザ,Press button,298
2024-12-09 01:15:12,590,2024/12/09, 01:15:12,匿名ユーザ,Press button,308
2024-12-09 01:15:12,702,2024/12/09, 01:15:12,匿名ユーザ,Press button,318
2024-12-09 01:15:12,827,2024/12/09, 01:15:12,匿名ユーザ,Press button,328
2024-12-09 01:15:12,951,2024/12/09, 01:15:12,匿名ユーザ,Press button,338
2024-12-09 01:15:13,045,2024/12/09, 01:15:13,匿名ユーザ,Press button,348
2024-12-09 01:15:13,176,2024/12/09, 01:15:13,匿名ユーザ,Press button,357
2024-12-09 01:15:13,283,2024/12/09, 01:15:13,匿名ユーザ,Press button,367
2024-12-09 01:15:13,399,2024/12/09, 01:15:13,匿名ユーザ,Press button,377
2024-12-09 01:15:13,613,2024/12/09, 01:15:13,匿名ユーザ,Press button,387
2024-12-09 02:52:01,339,2024/12/09, 02:52:01,匿名ユーザ,Press button,50
2024-12-09 02:52:01,581,2024/12/09, 02:52:01,匿名ユーザ,Press button,60
2024-12-09 02:52:01,795,2024/12/09, 02:52:01,匿名ユーザ,Press button,70
2024-12-09 02:52:02,014,2024/12/09, 02:52:02,匿名ユーザ,Press button,80
2024-12-09 02:52:02,205,2024/12/09, 02:52:02,匿名ユーザ,Press button,89
2024-12-09 02:52:02,380,2024/12/09, 02:52:02,匿名ユーザ,Press button,99
2024-12-09 02:52:02,567,2024/12/09, 02:52:02,匿名ユーザ,Press button,109
2024-12-09 02:52:02,771,2024/12/09, 02:52:02,匿名ユーザ,Press button,119
2024-12-09 02:52:02,939,2024/12/09, 02:52:02,匿名ユーザ,Press button,129
2024-12-09 02:52:03,122,2024/12/09, 02:52:03,匿名ユーザ,Press button,138
2024-12-09 02:52:03,305,2024/12/09, 02:52:03,匿名ユーザ,Press button,148
2024-12-09 02:52:03,473,2024/12/09, 02:52:03,匿名ユーザ,Press button,158
2024-12-09 02:52:03,638,2024/12/09, 02:52:03,匿名ユーザ,Press button,168
2024-12-09 02:52:03,807,2024/12/09, 02:52:03,匿名ユーザ,Press button,178
2024-12-09 02:52:03,983,2024/12/09, 02:52:03,匿名ユーザ,Press button,188
2024-12-09 02:52:04,158,2024/12/09, 02:52:04,匿名ユーザ,Press button,197
2024-12-09 02:52:54,912,2024/12/09, 02:52:54,匿名ユーザ,Finish printing
2024-12-09 03:22:25,941,2024/12/09, 03:22:25,匿名ユーザ,Object removed
2024-12-09 03:22:31,083,2024/12/09, 03:22:31,匿名ユーザ,Evaluate object, 0
