2024-06-07 18:53:42,773,2024/06/07, 18:53:42,Anonymous user,Print start,Short.gcode
2024-06-07 18:54:04,882,2024/06/07, 18:54:04,2300049,Press button
2024-06-07 18:54:05,037,2024/06/07, 18:54:05,2300049,Press button
2024-06-07 18:54:05,196,2024/06/07, 18:54:05,2300049,Press button
2024-06-07 18:54:11,612,2024/06/07, 18:54:11,2300049,Press button
2024-06-07 18:54:55,422,2024/06/07, 18:54:55,2300049,Press button
2024-06-07 18:54:56,219,2024/06/07, 18:54:56,2300049,Press button
2024-06-07 18:54:56,357,2024/06/07, 18:54:56,2300049,Press button
2024-06-07 18:54:56,498,2024/06/07, 18:54:56,2300049,Press button
2024-06-07 18:54:56,588,2024/06/07, 18:54:56,2300049,Press button
2024-06-07 18:54:56,706,2024/06/07, 18:54:56,2300049,Press button
2024-06-07 18:54:56,796,2024/06/07, 18:54:56,2300049,Press button
2024-06-07 18:54:56,892,2024/06/07, 18:54:56,2300049,Press button
2024-06-07 18:54:56,987,2024/06/07, 18:54:56,2300049,Press button
2024-06-07 18:54:57,078,2024/06/07, 18:54:57,2300049,Press button
2024-06-07 18:54:57,170,2024/06/07, 18:54:57,2300049,Press button
2024-06-07 18:54:57,282,2024/06/07, 18:54:57,2300049,Press button
2024-06-07 18:54:57,401,2024/06/07, 18:54:57,2300049,Press button
2024-06-07 18:54:57,519,2024/06/07, 18:54:57,2300049,Press button
2024-06-07 18:54:57,635,2024/06/07, 18:54:57,2300049,Press button
2024-06-07 18:54:57,725,2024/06/07, 18:54:57,2300049,Press button
2024-06-07 18:54:57,843,2024/06/07, 18:54:57,2300049,Press button
2024-06-07 18:54:57,943,2024/06/07, 18:54:57,2300049,Press button
2024-06-07 18:54:58,060,2024/06/07, 18:54:58,2300049,Press button
2024-06-07 18:54:58,208,2024/06/07, 18:54:58,2300049,Press button
2024-06-07 18:54:58,351,2024/06/07, 18:54:58,2300049,Press button
2024-06-07 18:54:58,495,2024/06/07, 18:54:58,2300049,Press button
2024-06-07 18:54:58,673,2024/06/07, 18:54:58,2300049,Press button
2024-06-07 18:54:58,773,2024/06/07, 18:54:58,2300049,Press button
2024-06-07 18:54:58,931,2024/06/07, 18:54:58,2300049,Press button
2024-06-07 18:54:59,057,2024/06/07, 18:54:59,2300049,Press button
2024-06-07 18:54:59,171,2024/06/07, 18:54:59,2300049,Press button
2024-06-07 18:54:59,617,2024/06/07, 18:54:59,2300049,Press button
2024-06-07 18:54:59,764,2024/06/07, 18:54:59,2300049,Press button
2024-06-07 18:54:59,920,2024/06/07, 18:54:59,2300049,Press button
2024-06-07 18:56:29,559,2024/06/07, 18:56:29,Anonymous user,Finish printing
2024-06-07 18:56:49,363,2024/06/07, 18:56:49,Anonymous user,Object removed
2024-06-07 18:56:58,839,2024/06/07, 18:56:58,Anonymous user,Evaluate object
