2024-11-08 16:06:03,558,2024/11/08, 16:06:03,匿名ユーザ,Print start,Small_Tetromino_O.gcode
2024-11-08 16:06:09,265,2024/11/08, 16:06:09,匿名ユーザ,Press button,50
2024-11-08 16:08:01,356,2024/11/08, 16:08:01,匿名ユーザ,Press button,50
2024-11-08 16:08:01,482,2024/11/08, 16:08:01,匿名ユーザ,Press button,60
2024-11-08 16:08:01,614,2024/11/08, 16:08:01,匿名ユーザ,Press button,70
2024-11-08 16:08:01,747,2024/11/08, 16:08:01,匿名ユーザ,Press button,80
2024-11-08 16:08:01,997,2024/11/08, 16:08:01,匿名ユーザ,Press button,90
2024-11-08 16:08:02,145,2024/11/08, 16:08:02,匿名ユーザ,Press button,99
2024-11-08 16:08:02,281,2024/11/08, 16:08:02,匿名ユーザ,Press button,109
2024-11-08 16:08:02,409,2024/11/08, 16:08:02,匿名ユーザ,Press button,119
2024-11-08 16:08:02,543,2024/11/08, 16:08:02,匿名ユーザ,Press button,129
2024-11-08 16:08:02,677,2024/11/08, 16:08:02,匿名ユーザ,Press button,139
2024-11-08 16:08:02,818,2024/11/08, 16:08:02,匿名ユーザ,Press button,149
2024-11-08 16:08:02,948,2024/11/08, 16:08:02,匿名ユーザ,Press button,159
2024-11-08 16:08:03,101,2024/11/08, 16:08:03,匿名ユーザ,Press button,168
2024-11-08 16:08:03,246,2024/11/08, 16:08:03,匿名ユーザ,Press button,178
2024-11-08 16:08:03,379,2024/11/08, 16:08:03,匿名ユーザ,Press button,188
2024-11-08 16:08:03,507,2024/11/08, 16:08:03,匿名ユーザ,Press button,198
2024-11-08 16:08:03,650,2024/11/08, 16:08:03,匿名ユーザ,Press button,208
2024-11-08 16:08:03,802,2024/11/08, 16:08:03,匿名ユーザ,Press button,218
2024-11-08 16:08:03,959,2024/11/08, 16:08:03,匿名ユーザ,Press button,228
2024-11-08 16:08:06,679,2024/11/08, 16:08:06,匿名ユーザ,Press button,235
2024-11-08 16:08:06,835,2024/11/08, 16:08:06,匿名ユーザ,Press button,245
2024-11-08 16:08:06,994,2024/11/08, 16:08:06,匿名ユーザ,Press button,255
2024-11-08 16:08:07,112,2024/11/08, 16:08:07,匿名ユーザ,Press button,264
2024-11-08 16:08:07,286,2024/11/08, 16:08:07,匿名ユーザ,Press button,274
2024-11-08 16:08:07,389,2024/11/08, 16:08:07,匿名ユーザ,Press button,284
2024-11-08 16:08:07,545,2024/11/08, 16:08:07,匿名ユーザ,Press button,294
2024-11-08 16:08:07,677,2024/11/08, 16:08:07,匿名ユーザ,Press button,304
2024-11-08 16:08:07,829,2024/11/08, 16:08:07,匿名ユーザ,Press button,314
2024-11-08 16:08:07,983,2024/11/08, 16:08:07,匿名ユーザ,Press button,324
2024-11-08 16:08:08,095,2024/11/08, 16:08:08,匿名ユーザ,Press button,333
2024-11-08 16:08:08,233,2024/11/08, 16:08:08,匿名ユーザ,Press button,343
2024-11-08 16:08:08,360,2024/11/08, 16:08:08,匿名ユーザ,Press button,353
2024-11-08 16:08:08,507,2024/11/08, 16:08:08,匿名ユーザ,Press button,363
2024-11-08 16:08:08,669,2024/11/08, 16:08:08,匿名ユーザ,Press button,373
2024-11-08 16:08:08,745,2024/11/08, 16:08:08,匿名ユーザ,Press button,383
2024-11-08 16:08:08,989,2024/11/08, 16:08:08,匿名ユーザ,Press button,393
2024-11-08 16:08:09,063,2024/11/08, 16:08:09,匿名ユーザ,Press button,402
2024-11-08 16:08:09,192,2024/11/08, 16:08:09,匿名ユーザ,Press button,412
2024-11-08 16:08:09,506,2024/11/08, 16:08:09,匿名ユーザ,Press button,422
2024-11-08 16:08:09,778,2024/11/08, 16:08:09,匿名ユーザ,Press button,432
2024-11-08 16:08:09,836,2024/11/08, 16:08:09,匿名ユーザ,Press button,442
2024-11-08 16:08:09,924,2024/11/08, 16:08:09,匿名ユーザ,Press button,452
2024-11-08 16:08:10,078,2024/11/08, 16:08:10,匿名ユーザ,Press button,461
2024-11-08 16:19:05,563,2024/11/08, 16:19:05,匿名ユーザ,Press button,50
2024-11-08 16:19:05,695,2024/11/08, 16:19:05,匿名ユーザ,Press button,60
2024-11-08 16:19:05,812,2024/11/08, 16:19:05,匿名ユーザ,Press button,70
2024-11-08 16:19:05,915,2024/11/08, 16:19:05,匿名ユーザ,Press button,79
2024-11-08 16:19:06,017,2024/11/08, 16:19:06,匿名ユーザ,Press button,89
2024-11-08 16:19:06,116,2024/11/08, 16:19:06,匿名ユーザ,Press button,99
2024-11-08 16:19:06,244,2024/11/08, 16:19:06,匿名ユーザ,Press button,109
2024-11-08 16:19:06,358,2024/11/08, 16:19:06,匿名ユーザ,Press button,119
2024-11-08 16:19:06,475,2024/11/08, 16:19:06,匿名ユーザ,Press button,129
2024-11-08 16:19:06,594,2024/11/08, 16:19:06,匿名ユーザ,Press button,139
2024-11-08 16:19:06,710,2024/11/08, 16:19:06,匿名ユーザ,Press button,149
2024-11-08 16:19:06,826,2024/11/08, 16:19:06,匿名ユーザ,Press button,158
2024-11-08 16:19:06,944,2024/11/08, 16:19:06,匿名ユーザ,Press button,168
2024-11-08 16:19:07,077,2024/11/08, 16:19:07,匿名ユーザ,Press button,178
2024-11-08 16:19:07,204,2024/11/08, 16:19:07,匿名ユーザ,Press button,188
2024-11-08 16:19:07,325,2024/11/08, 16:19:07,匿名ユーザ,Press button,198
2024-11-08 16:19:07,434,2024/11/08, 16:19:07,匿名ユーザ,Press button,208
2024-11-08 16:19:07,570,2024/11/08, 16:19:07,匿名ユーザ,Press button,218
2024-11-08 16:19:07,692,2024/11/08, 16:19:07,匿名ユーザ,Press button,228
2024-11-08 16:19:07,814,2024/11/08, 16:19:07,匿名ユーザ,Press button,238
2024-11-08 16:19:07,932,2024/11/08, 16:19:07,匿名ユーザ,Press button,247
2024-11-08 16:19:08,068,2024/11/08, 16:19:08,匿名ユーザ,Press button,257
2024-11-08 16:19:08,210,2024/11/08, 16:19:08,匿名ユーザ,Press button,267
2024-11-08 16:19:08,325,2024/11/08, 16:19:08,匿名ユーザ,Press button,277
2024-11-08 16:19:08,447,2024/11/08, 16:19:08,匿名ユーザ,Press button,287
2024-11-08 16:19:08,564,2024/11/08, 16:19:08,匿名ユーザ,Press button,297
2024-11-08 16:19:08,697,2024/11/08, 16:19:08,匿名ユーザ,Press button,307
2024-11-08 16:19:08,822,2024/11/08, 16:19:08,匿名ユーザ,Press button,317
2024-11-08 16:19:08,929,2024/11/08, 16:19:08,匿名ユーザ,Press button,326
2024-11-08 16:19:09,053,2024/11/08, 16:19:09,匿名ユーザ,Press button,336
2024-11-08 16:19:09,168,2024/11/08, 16:19:09,匿名ユーザ,Press button,346
2024-11-08 16:19:09,285,2024/11/08, 16:19:09,匿名ユーザ,Press button,356
2024-11-08 16:19:09,411,2024/11/08, 16:19:09,匿名ユーザ,Press button,366
2024-11-08 16:19:09,540,2024/11/08, 16:19:09,匿名ユーザ,Press button,376
2024-11-08 16:19:09,662,2024/11/08, 16:19:09,匿名ユーザ,Press button,386
2024-11-08 16:19:09,778,2024/11/08, 16:19:09,匿名ユーザ,Press button,396
2024-11-08 16:19:09,928,2024/11/08, 16:19:09,匿名ユーザ,Press button,405
2024-11-08 16:19:10,042,2024/11/08, 16:19:10,匿名ユーザ,Press button,415
2024-11-08 16:19:10,208,2024/11/08, 16:19:10,匿名ユーザ,Press button,425
2024-11-08 16:19:17,866,2024/11/08, 16:19:17,匿名ユーザ,Press button,427
2024-11-08 16:19:18,033,2024/11/08, 16:19:18,匿名ユーザ,Press button,437
2024-11-08 16:19:18,177,2024/11/08, 16:19:18,匿名ユーザ,Press button,447
2024-11-08 16:19:18,322,2024/11/08, 16:19:18,匿名ユーザ,Press button,457
2024-11-08 16:19:18,475,2024/11/08, 16:19:18,匿名ユーザ,Press button,467
2024-11-08 16:19:18,613,2024/11/08, 16:19:18,匿名ユーザ,Press button,477
2024-11-08 16:19:18,749,2024/11/08, 16:19:18,匿名ユーザ,Press button,487
2024-11-08 16:19:19,054,2024/11/08, 16:19:19,匿名ユーザ,Press button,496
2024-11-08 16:19:19,195,2024/11/08, 16:19:19,匿名ユーザ,Press button,500
2024-11-08 16:19:19,342,2024/11/08, 16:19:19,匿名ユーザ,Press button,500
2024-11-08 16:19:19,692,2024/11/08, 16:19:19,匿名ユーザ,Press button,500
2024-11-08 16:19:20,027,2024/11/08, 16:19:20,匿名ユーザ,Press button,499
2024-11-08 16:19:20,159,2024/11/08, 16:19:20,匿名ユーザ,Press button,500
2024-11-08 16:19:20,294,2024/11/08, 16:19:20,匿名ユーザ,Press button,500
2024-11-08 16:19:20,437,2024/11/08, 16:19:20,匿名ユーザ,Press button,500
2024-11-08 16:19:20,563,2024/11/08, 16:19:20,匿名ユーザ,Press button,500
2024-11-08 16:19:20,708,2024/11/08, 16:19:20,匿名ユーザ,Press button,500
2024-11-08 16:19:20,982,2024/11/08, 16:19:20,匿名ユーザ,Press button,499
2024-11-08 16:19:44,995,2024/11/08, 16:19:44,匿名ユーザ,Press button,476
2024-11-08 16:19:45,105,2024/11/08, 16:19:45,匿名ユーザ,Press button,486
2024-11-08 16:19:45,227,2024/11/08, 16:19:45,匿名ユーザ,Press button,496
2024-11-08 16:19:45,348,2024/11/08, 16:19:45,匿名ユーザ,Press button,500
2024-11-08 16:19:45,452,2024/11/08, 16:19:45,匿名ユーザ,Press button,500
2024-11-08 16:19:45,567,2024/11/08, 16:19:45,匿名ユーザ,Press button,500
2024-11-08 16:20:54,992,2024/11/08, 16:20:54,匿名ユーザ,Press button,430
2024-11-08 16:20:55,183,2024/11/08, 16:20:55,匿名ユーザ,Press button,440
2024-11-08 16:20:55,314,2024/11/08, 16:20:55,匿名ユーザ,Press button,450
2024-11-08 16:20:55,451,2024/11/08, 16:20:55,匿名ユーザ,Press button,460
2024-11-08 16:20:55,572,2024/11/08, 16:20:55,匿名ユーザ,Press button,470
2024-11-08 16:20:55,712,2024/11/08, 16:20:55,匿名ユーザ,Press button,480
2024-11-08 16:20:55,843,2024/11/08, 16:20:55,匿名ユーザ,Press button,490
2024-11-08 16:20:55,962,2024/11/08, 16:20:55,匿名ユーザ,Press button,499
2024-11-08 16:20:56,080,2024/11/08, 16:20:56,匿名ユーザ,Press button,500
2024-11-08 16:20:56,205,2024/11/08, 16:20:56,匿名ユーザ,Press button,500
2024-11-08 16:20:56,324,2024/11/08, 16:20:56,匿名ユーザ,Press button,500
2024-11-08 16:20:56,447,2024/11/08, 16:20:56,匿名ユーザ,Press button,500
2024-11-08 16:20:56,581,2024/11/08, 16:20:56,匿名ユーザ,Press button,500
2024-11-08 16:20:56,734,2024/11/08, 16:20:56,匿名ユーザ,Press button,500
2024-11-08 16:20:56,848,2024/11/08, 16:20:56,匿名ユーザ,Press button,500
2024-11-08 16:20:56,957,2024/11/08, 16:20:56,匿名ユーザ,Press button,499
2024-11-08 16:20:57,091,2024/11/08, 16:20:57,匿名ユーザ,Press button,500
2024-11-08 16:20:57,218,2024/11/08, 16:20:57,匿名ユーザ,Press button,500
2024-11-08 16:20:57,338,2024/11/08, 16:20:57,匿名ユーザ,Press button,500
2024-11-08 16:21:00,886,2024/11/08, 16:21:00,匿名ユーザ,Press button,497
2024-11-08 16:21:01,275,2024/11/08, 16:21:01,匿名ユーザ,Press button,499
2024-11-08 16:21:01,552,2024/11/08, 16:21:01,匿名ユーザ,Press button,500
2024-11-08 16:21:01,696,2024/11/08, 16:21:01,匿名ユーザ,Press button,500
2024-11-08 16:21:01,858,2024/11/08, 16:21:01,匿名ユーザ,Press button,500
2024-11-08 16:21:01,990,2024/11/08, 16:21:01,匿名ユーザ,Press button,499
2024-11-08 16:21:02,479,2024/11/08, 16:21:02,匿名ユーザ,Press button,500
2024-11-08 16:21:02,944,2024/11/08, 16:21:02,匿名ユーザ,Press button,500
2024-11-08 16:21:03,107,2024/11/08, 16:21:03,匿名ユーザ,Press button,499
2024-11-08 16:21:03,293,2024/11/08, 16:21:03,匿名ユーザ,Press button,500
2024-11-08 16:21:03,477,2024/11/08, 16:21:03,匿名ユーザ,Press button,500
2024-11-08 16:21:04,178,2024/11/08, 16:21:04,匿名ユーザ,Press button,499
2024-11-08 16:21:53,162,2024/11/08, 16:21:53,匿名ユーザ,Press button,451
2024-11-08 16:21:53,299,2024/11/08, 16:21:53,匿名ユーザ,Press button,461
2024-11-08 16:21:53,566,2024/11/08, 16:21:53,匿名ユーザ,Press button,471
2024-11-08 16:21:53,684,2024/11/08, 16:21:53,匿名ユーザ,Press button,481
2024-11-08 16:21:53,819,2024/11/08, 16:21:53,匿名ユーザ,Press button,491
2024-11-08 16:21:53,934,2024/11/08, 16:21:53,匿名ユーザ,Press button,500
2024-11-08 16:21:54,064,2024/11/08, 16:21:54,匿名ユーザ,Press button,499
2024-11-08 16:22:44,635,2024/11/08, 16:22:44,匿名ユーザ,Press button,450
2024-11-08 16:22:44,798,2024/11/08, 16:22:44,匿名ユーザ,Press button,460
2024-11-08 16:22:44,924,2024/11/08, 16:22:44,匿名ユーザ,Press button,470
2024-11-08 16:22:45,071,2024/11/08, 16:22:45,匿名ユーザ,Press button,480
2024-11-08 16:22:45,206,2024/11/08, 16:22:45,匿名ユーザ,Press button,489
2024-11-08 16:22:45,357,2024/11/08, 16:22:45,匿名ユーザ,Press button,499
2024-11-08 16:22:45,522,2024/11/08, 16:22:45,匿名ユーザ,Press button,500
2024-11-08 16:22:45,697,2024/11/08, 16:22:45,匿名ユーザ,Press button,500
2024-11-08 16:23:20,615,2024/11/08, 16:23:20,匿名ユーザ,Press button,465
2024-11-08 16:23:21,061,2024/11/08, 16:23:21,匿名ユーザ,Press button,475
2024-11-08 16:23:21,302,2024/11/08, 16:23:21,匿名ユーザ,Press button,484
2024-11-08 16:23:21,440,2024/11/08, 16:23:21,匿名ユーザ,Press button,494
2024-11-08 16:23:21,572,2024/11/08, 16:23:21,匿名ユーザ,Press button,500
2024-11-08 16:23:21,704,2024/11/08, 16:23:21,匿名ユーザ,Press button,500
2024-11-08 16:23:21,837,2024/11/08, 16:23:21,匿名ユーザ,Press button,500
2024-11-08 16:23:21,975,2024/11/08, 16:23:21,匿名ユーザ,Press button,500
2024-11-08 16:23:22,115,2024/11/08, 16:23:22,匿名ユーザ,Press button,500
2024-11-08 16:23:22,375,2024/11/08, 16:23:22,匿名ユーザ,Press button,499
2024-11-08 16:23:22,531,2024/11/08, 16:23:22,匿名ユーザ,Press button,500
2024-11-08 16:23:22,714,2024/11/08, 16:23:22,匿名ユーザ,Press button,500
2024-11-08 16:23:22,856,2024/11/08, 16:23:22,匿名ユーザ,Press button,500
2024-11-08 16:23:23,012,2024/11/08, 16:23:23,匿名ユーザ,Press button,500
2024-11-08 16:23:24,815,2024/11/08, 16:23:24,匿名ユーザ,Press button,498
2024-11-08 16:23:24,952,2024/11/08, 16:23:24,匿名ユーザ,Press button,500
2024-11-08 16:23:25,104,2024/11/08, 16:23:25,匿名ユーザ,Press button,500
2024-11-08 16:23:25,317,2024/11/08, 16:23:25,匿名ユーザ,Press button,499
2024-11-08 16:23:35,354,2024/11/08, 16:23:35,匿名ユーザ,Press button,490
2024-11-08 16:23:35,500,2024/11/08, 16:23:35,匿名ユーザ,Press button,500
2024-11-08 16:23:35,632,2024/11/08, 16:23:35,匿名ユーザ,Press button,500
2024-11-08 16:23:35,767,2024/11/08, 16:23:35,匿名ユーザ,Press button,500
2024-11-08 16:24:01,040,2024/11/08, 16:24:01,匿名ユーザ,Press button,475
2024-11-08 16:36:52,707,2024/11/08, 16:36:52,匿名ユーザ,Finish printing
2024-11-08 16:49:52,569,2024/11/08, 16:49:52,匿名ユーザ,Object removed
2024-11-08 16:49:57,922,2024/11/08, 16:49:57,匿名ユーザ,Evaluate object, 0
