2024-12-08 19:12:59,391,2024/12/08, 19:12:59,匿名ユーザ,Print start,./M_S/output_0.gcode
2024-12-08 19:16:50,937,2024/12/08, 19:16:50,匿名ユーザ,Press button,50
2024-12-08 19:16:51,110,2024/12/08, 19:16:51,匿名ユーザ,Press button,60
2024-12-08 19:16:51,260,2024/12/08, 19:16:51,匿名ユーザ,Press button,70
2024-12-08 19:16:51,404,2024/12/08, 19:16:51,匿名ユーザ,Press button,80
2024-12-08 19:16:51,550,2024/12/08, 19:16:51,匿名ユーザ,Press button,90
2024-12-08 19:16:51,679,2024/12/08, 19:16:51,匿名ユーザ,Press button,99
2024-12-08 19:16:51,835,2024/12/08, 19:16:51,匿名ユーザ,Press button,109
2024-12-08 19:16:51,983,2024/12/08, 19:16:51,匿名ユーザ,Press button,119
2024-12-08 19:16:52,108,2024/12/08, 19:16:52,匿名ユーザ,Press button,129
2024-12-08 19:16:52,282,2024/12/08, 19:16:52,匿名ユーザ,Press button,139
2024-12-08 19:16:52,431,2024/12/08, 19:16:52,匿名ユーザ,Press button,149
2024-12-08 19:38:22,545,2024/12/08, 19:38:22,匿名ユーザ,Press button,50
2024-12-08 19:38:22,692,2024/12/08, 19:38:22,匿名ユーザ,Press button,60
2024-12-08 19:38:22,825,2024/12/08, 19:38:22,匿名ユーザ,Press button,70
2024-12-08 19:38:23,903,2024/12/08, 19:38:23,匿名ユーザ,Press button,79
2024-12-08 19:38:24,272,2024/12/08, 19:38:24,匿名ユーザ,Press button,89
2024-12-08 19:38:24,419,2024/12/08, 19:38:24,匿名ユーザ,Press button,98
2024-12-08 19:38:24,878,2024/12/08, 19:38:24,匿名ユーザ,Press button,108
2024-12-08 19:38:25,100,2024/12/08, 19:38:25,匿名ユーザ,Press button,118
2024-12-08 19:38:25,244,2024/12/08, 19:38:25,匿名ユーザ,Press button,128
2024-12-08 19:38:25,321,2024/12/08, 19:38:25,匿名ユーザ,Press button,138
2024-12-08 19:38:25,462,2024/12/08, 19:38:25,匿名ユーザ,Press button,147
2024-12-08 19:38:25,551,2024/12/08, 19:38:25,匿名ユーザ,Press button,157
2024-12-08 19:38:25,662,2024/12/08, 19:38:25,匿名ユーザ,Press button,167
2024-12-08 19:38:25,763,2024/12/08, 19:38:25,匿名ユーザ,Press button,177
2024-12-08 19:38:25,866,2024/12/08, 19:38:25,匿名ユーザ,Press button,187
2024-12-08 19:38:25,992,2024/12/08, 19:38:25,匿名ユーザ,Press button,197
2024-12-08 19:38:26,087,2024/12/08, 19:38:26,匿名ユーザ,Press button,207
2024-12-08 19:38:26,214,2024/12/08, 19:38:26,匿名ユーザ,Press button,217
2024-12-08 19:38:26,320,2024/12/08, 19:38:26,匿名ユーザ,Press button,227
2024-12-08 19:38:26,440,2024/12/08, 19:38:26,匿名ユーザ,Press button,236
2024-12-08 19:38:26,557,2024/12/08, 19:38:26,匿名ユーザ,Press button,246
2024-12-08 19:38:26,666,2024/12/08, 19:38:26,匿名ユーザ,Press button,256
2024-12-08 19:38:26,825,2024/12/08, 19:38:26,匿名ユーザ,Press button,266
2024-12-08 19:38:27,011,2024/12/08, 19:38:27,匿名ユーザ,Press button,276
2024-12-08 19:38:27,209,2024/12/08, 19:38:27,匿名ユーザ,Press button,286
2024-12-08 19:38:27,388,2024/12/08, 19:38:27,匿名ユーザ,Press button,295
2024-12-08 19:38:27,538,2024/12/08, 19:38:27,匿名ユーザ,Press button,305
2024-12-08 19:38:27,683,2024/12/08, 19:38:27,匿名ユーザ,Press button,315
2024-12-08 19:38:27,850,2024/12/08, 19:38:27,匿名ユーザ,Press button,325
2024-12-08 19:38:27,972,2024/12/08, 19:38:27,匿名ユーザ,Press button,335
2024-12-08 19:38:28,120,2024/12/08, 19:38:28,匿名ユーザ,Press button,345
2024-12-08 19:38:28,236,2024/12/08, 19:38:28,匿名ユーザ,Press button,355
2024-12-08 19:38:28,384,2024/12/08, 19:38:28,匿名ユーザ,Press button,364
2024-12-08 19:38:28,539,2024/12/08, 19:38:28,匿名ユーザ,Press button,374
2024-12-08 19:38:28,657,2024/12/08, 19:38:28,匿名ユーザ,Press button,384
2024-12-08 19:38:28,808,2024/12/08, 19:38:28,匿名ユーザ,Press button,394
2024-12-08 19:38:28,934,2024/12/08, 19:38:28,匿名ユーザ,Press button,404
2024-12-08 19:38:29,072,2024/12/08, 19:38:29,匿名ユーザ,Press button,414
2024-12-08 19:38:29,224,2024/12/08, 19:38:29,匿名ユーザ,Press button,424
2024-12-08 19:38:29,378,2024/12/08, 19:38:29,匿名ユーザ,Press button,434
2024-12-08 19:38:29,559,2024/12/08, 19:38:29,匿名ユーザ,Press button,443
2024-12-08 19:38:29,708,2024/12/08, 19:38:29,匿名ユーザ,Press button,453
2024-12-08 19:38:29,840,2024/12/08, 19:38:29,匿名ユーザ,Press button,463
2024-12-08 19:38:29,996,2024/12/08, 19:38:29,匿名ユーザ,Press button,473
2024-12-08 19:38:30,127,2024/12/08, 19:38:30,匿名ユーザ,Press button,483
2024-12-08 19:38:30,268,2024/12/08, 19:38:30,匿名ユーザ,Press button,493
2024-12-08 19:38:30,448,2024/12/08, 19:38:30,匿名ユーザ,Press button,499
2024-12-08 19:38:30,583,2024/12/08, 19:38:30,匿名ユーザ,Press button,500
2024-12-08 19:38:30,721,2024/12/08, 19:38:30,匿名ユーザ,Press button,500
2024-12-08 19:38:30,874,2024/12/08, 19:38:30,匿名ユーザ,Press button,500
2024-12-08 19:38:31,021,2024/12/08, 19:38:31,匿名ユーザ,Press button,500
2024-12-08 19:38:31,174,2024/12/08, 19:38:31,匿名ユーザ,Press button,500
2024-12-08 19:38:31,288,2024/12/08, 19:38:31,匿名ユーザ,Press button,500
2024-12-08 19:38:31,470,2024/12/08, 19:38:31,匿名ユーザ,Press button,499
2024-12-08 19:38:31,575,2024/12/08, 19:38:31,匿名ユーザ,Press button,500
2024-12-08 19:38:31,721,2024/12/08, 19:38:31,匿名ユーザ,Press button,500
2024-12-08 19:38:31,938,2024/12/08, 19:38:31,匿名ユーザ,Press button,500
2024-12-08 20:32:59,347,2024/12/08, 20:32:59,匿名ユーザ,Press button,50
2024-12-08 20:32:59,559,2024/12/08, 20:32:59,匿名ユーザ,Press button,60
2024-12-08 20:33:00,660,2024/12/08, 20:33:00,匿名ユーザ,Press button,68
2024-12-08 20:33:00,858,2024/12/08, 20:33:00,匿名ユーザ,Press button,78
2024-12-08 20:33:01,846,2024/12/08, 20:33:01,匿名ユーザ,Press button,87
2024-12-08 20:33:02,024,2024/12/08, 20:33:02,匿名ユーザ,Press button,97
2024-12-08 20:33:02,123,2024/12/08, 20:33:02,匿名ユーザ,Press button,107
2024-12-08 20:33:02,322,2024/12/08, 20:33:02,匿名ユーザ,Press button,117
2024-12-08 20:33:02,610,2024/12/08, 20:33:02,匿名ユーザ,Press button,126
2024-12-08 20:33:02,806,2024/12/08, 20:33:02,匿名ユーザ,Press button,136
2024-12-08 20:33:03,005,2024/12/08, 20:33:03,匿名ユーザ,Press button,146
2024-12-08 20:33:03,205,2024/12/08, 20:33:03,匿名ユーザ,Press button,156
2024-12-08 20:33:03,377,2024/12/08, 20:33:03,匿名ユーザ,Press button,166
2024-12-08 20:33:03,588,2024/12/08, 20:33:03,匿名ユーザ,Press button,176
2024-12-08 20:33:03,785,2024/12/08, 20:33:03,匿名ユーザ,Press button,185
2024-12-08 20:33:03,989,2024/12/08, 20:33:03,匿名ユーザ,Press button,195
2024-12-08 20:33:04,227,2024/12/08, 20:33:04,匿名ユーザ,Press button,205
2024-12-08 20:33:04,407,2024/12/08, 20:33:04,匿名ユーザ,Press button,215
2024-12-08 20:33:04,622,2024/12/08, 20:33:04,匿名ユーザ,Press button,224
2024-12-08 20:33:04,816,2024/12/08, 20:33:04,匿名ユーザ,Press button,234
2024-12-08 20:33:05,017,2024/12/08, 20:33:05,匿名ユーザ,Press button,244
2024-12-08 20:33:05,225,2024/12/08, 20:33:05,匿名ユーザ,Press button,254
2024-12-08 20:33:05,396,2024/12/08, 20:33:05,匿名ユーザ,Press button,264
2024-12-08 20:33:05,606,2024/12/08, 20:33:05,匿名ユーザ,Press button,273
2024-12-08 21:39:15,821,2024/12/08, 21:39:15,匿名ユーザ,Finish printing
2024-12-08 23:58:27,551,2024/12/08, 23:58:27,匿名ユーザ,Object removed
2024-12-08 23:58:36,348,2024/12/08, 23:58:36,匿名ユーザ,Evaluate object, 1
