2024-07-18 14:26:17,513,2024/07/18, 14:26:17,匿名ユーザ,Print start,Tetromino_J.gcode
2024-07-18 14:29:51,657,2024/07/18, 14:29:51,匿名ユーザ,Press button,50
2024-07-18 14:29:51,682,2024/07/18, 14:29:51,匿名ユーザ,Press button,60
2024-07-18 14:29:51,771,2024/07/18, 14:29:51,匿名ユーザ,Press button,69
2024-07-18 14:29:51,941,2024/07/18, 14:29:51,匿名ユーザ,Press button,79
2024-07-18 14:29:52,123,2024/07/18, 14:29:52,匿名ユーザ,Press button,89
2024-07-18 14:29:52,291,2024/07/18, 14:29:52,匿名ユーザ,Press button,99
2024-07-18 14:29:52,464,2024/07/18, 14:29:52,匿名ユーザ,Press button,109
2024-07-18 14:29:52,649,2024/07/18, 14:29:52,匿名ユーザ,Press button,119
2024-07-18 14:29:52,826,2024/07/18, 14:29:52,匿名ユーザ,Press button,128
2024-07-18 14:29:53,011,2024/07/18, 14:29:53,匿名ユーザ,Press button,138
2024-07-18 14:29:53,199,2024/07/18, 14:29:53,匿名ユーザ,Press button,148
2024-07-18 14:29:55,993,2024/07/18, 14:29:55,匿名ユーザ,Press button,155
2024-07-18 14:29:56,161,2024/07/18, 14:29:56,匿名ユーザ,Press button,165
2024-07-18 14:29:56,309,2024/07/18, 14:29:56,匿名ユーザ,Press button,175
2024-07-18 14:29:56,470,2024/07/18, 14:29:56,匿名ユーザ,Press button,185
2024-07-18 14:29:56,603,2024/07/18, 14:29:56,匿名ユーザ,Press button,195
2024-07-18 14:29:56,762,2024/07/18, 14:29:56,匿名ユーザ,Press button,204
2024-07-18 14:29:56,915,2024/07/18, 14:29:56,匿名ユーザ,Press button,214
2024-07-18 14:29:57,083,2024/07/18, 14:29:57,匿名ユーザ,Press button,224
2024-07-18 14:29:57,246,2024/07/18, 14:29:57,匿名ユーザ,Press button,234
2024-07-18 14:29:57,383,2024/07/18, 14:29:57,匿名ユーザ,Press button,244
2024-07-18 14:29:57,547,2024/07/18, 14:29:57,匿名ユーザ,Press button,254
2024-07-18 14:29:59,925,2024/07/18, 14:29:59,匿名ユーザ,Press button,261
2024-07-18 14:30:00,099,2024/07/18, 14:30:00,匿名ユーザ,Press button,271
2024-07-18 14:30:00,265,2024/07/18, 14:30:00,匿名ユーザ,Press button,281
2024-07-18 14:30:00,415,2024/07/18, 14:30:00,匿名ユーザ,Press button,291
2024-07-18 14:30:00,587,2024/07/18, 14:30:00,匿名ユーザ,Press button,301
2024-07-18 14:30:00,730,2024/07/18, 14:30:00,匿名ユーザ,Press button,311
2024-07-18 14:30:00,882,2024/07/18, 14:30:00,匿名ユーザ,Press button,320
2024-07-18 14:30:01,050,2024/07/18, 14:30:01,匿名ユーザ,Press button,330
2024-07-18 14:30:01,190,2024/07/18, 14:30:01,匿名ユーザ,Press button,340
2024-07-18 14:34:42,727,2024/07/18, 14:34:42,匿名ユーザ,Press button,69
2024-07-18 14:34:42,754,2024/07/18, 14:34:42,匿名ユーザ,Press button,79
2024-07-18 14:34:42,863,2024/07/18, 14:34:42,匿名ユーザ,Press button,89
2024-07-18 14:34:43,005,2024/07/18, 14:34:43,匿名ユーザ,Press button,99
2024-07-18 14:34:43,148,2024/07/18, 14:34:43,匿名ユーザ,Press button,108
2024-07-18 14:34:43,295,2024/07/18, 14:34:43,匿名ユーザ,Press button,118
2024-07-18 14:34:43,415,2024/07/18, 14:34:43,匿名ユーザ,Press button,128
2024-07-18 14:34:43,552,2024/07/18, 14:34:43,匿名ユーザ,Press button,138
2024-07-18 14:34:43,701,2024/07/18, 14:34:43,匿名ユーザ,Press button,148
2024-07-18 14:34:43,865,2024/07/18, 14:34:43,匿名ユーザ,Press button,158
2024-07-18 14:34:43,998,2024/07/18, 14:34:43,匿名ユーザ,Press button,168
2024-07-18 14:34:44,132,2024/07/18, 14:34:44,匿名ユーザ,Press button,178
2024-07-18 14:34:44,280,2024/07/18, 14:34:44,匿名ユーザ,Press button,187
2024-07-18 14:34:44,413,2024/07/18, 14:34:44,匿名ユーザ,Press button,197
2024-07-18 14:34:44,548,2024/07/18, 14:34:44,匿名ユーザ,Press button,207
2024-07-18 14:34:44,683,2024/07/18, 14:34:44,匿名ユーザ,Press button,217
2024-07-18 14:34:47,881,2024/07/18, 14:34:47,匿名ユーザ,Press button,224
2024-07-18 14:34:48,031,2024/07/18, 14:34:48,匿名ユーザ,Press button,234
2024-07-18 14:34:48,183,2024/07/18, 14:34:48,匿名ユーザ,Press button,243
2024-07-18 14:34:48,334,2024/07/18, 14:34:48,匿名ユーザ,Press button,253
2024-07-18 14:34:48,457,2024/07/18, 14:34:48,匿名ユーザ,Press button,263
2024-07-18 14:34:48,580,2024/07/18, 14:34:48,匿名ユーザ,Press button,273
2024-07-18 14:34:48,714,2024/07/18, 14:34:48,匿名ユーザ,Press button,283
2024-07-18 14:34:51,686,2024/07/18, 14:34:51,匿名ユーザ,Press button,290
2024-07-18 14:34:51,825,2024/07/18, 14:34:51,匿名ユーザ,Press button,300
2024-07-18 14:34:51,964,2024/07/18, 14:34:51,匿名ユーザ,Press button,310
2024-07-18 14:34:52,098,2024/07/18, 14:34:52,匿名ユーザ,Press button,320
2024-07-18 14:34:52,217,2024/07/18, 14:34:52,匿名ユーザ,Press button,329
2024-07-18 14:34:52,367,2024/07/18, 14:34:52,匿名ユーザ,Press button,339
2024-07-18 14:34:52,487,2024/07/18, 14:34:52,匿名ユーザ,Press button,349
2024-07-18 14:34:52,611,2024/07/18, 14:34:52,匿名ユーザ,Press button,359
2024-07-18 14:34:52,745,2024/07/18, 14:34:52,匿名ユーザ,Press button,369
2024-07-18 14:34:52,861,2024/07/18, 14:34:52,匿名ユーザ,Press button,379
2024-07-18 14:34:52,976,2024/07/18, 14:34:52,匿名ユーザ,Press button,389
2024-07-18 14:35:41,309,2024/07/18, 14:35:41,匿名ユーザ,Press button,350
2024-07-18 14:35:41,457,2024/07/18, 14:35:41,匿名ユーザ,Press button,360
2024-07-18 14:35:41,576,2024/07/18, 14:35:41,匿名ユーザ,Press button,370
2024-07-18 14:35:41,689,2024/07/18, 14:35:41,匿名ユーザ,Press button,380
2024-07-18 14:35:41,805,2024/07/18, 14:35:41,匿名ユーザ,Press button,390
2024-07-18 14:35:41,918,2024/07/18, 14:35:41,匿名ユーザ,Press button,400
2024-07-18 14:35:42,056,2024/07/18, 14:35:42,匿名ユーザ,Press button,410
2024-07-18 14:35:42,192,2024/07/18, 14:35:42,匿名ユーザ,Press button,420
2024-07-18 14:35:42,310,2024/07/18, 14:35:42,匿名ユーザ,Press button,429
2024-07-18 14:35:42,476,2024/07/18, 14:35:42,匿名ユーザ,Press button,439
2024-07-18 14:35:42,626,2024/07/18, 14:35:42,匿名ユーザ,Press button,449
2024-07-18 14:35:42,777,2024/07/18, 14:35:42,匿名ユーザ,Press button,459
2024-07-18 14:35:42,918,2024/07/18, 14:35:42,匿名ユーザ,Press button,469
2024-07-18 14:35:43,047,2024/07/18, 14:35:43,匿名ユーザ,Press button,479
2024-07-18 14:35:43,183,2024/07/18, 14:35:43,匿名ユーザ,Press button,489
2024-07-18 14:35:43,339,2024/07/18, 14:35:43,匿名ユーザ,Press button,498
2024-07-18 14:35:43,482,2024/07/18, 14:35:43,匿名ユーザ,Press button,500
2024-07-18 14:35:43,649,2024/07/18, 14:35:43,匿名ユーザ,Press button,500
2024-07-18 14:35:43,825,2024/07/18, 14:35:43,匿名ユーザ,Press button,500
2024-07-18 14:35:43,954,2024/07/18, 14:35:43,匿名ユーザ,Press button,500
2024-07-18 14:35:44,124,2024/07/18, 14:35:44,匿名ユーザ,Press button,500
2024-07-18 14:35:44,290,2024/07/18, 14:35:44,匿名ユーザ,Press button,499
2024-07-18 14:35:44,456,2024/07/18, 14:35:44,匿名ユーザ,Press button,500
2024-07-18 14:35:44,622,2024/07/18, 14:35:44,匿名ユーザ,Press button,500
2024-07-18 14:35:44,793,2024/07/18, 14:35:44,匿名ユーザ,Press button,500
2024-07-18 14:35:44,968,2024/07/18, 14:35:44,匿名ユーザ,Press button,500
2024-07-18 14:35:45,141,2024/07/18, 14:35:45,匿名ユーザ,Press button,500
2024-07-18 14:41:15,064,2024/07/18, 14:41:15,匿名ユーザ,Press button,170
2024-07-18 14:41:15,091,2024/07/18, 14:41:15,匿名ユーザ,Press button,180
2024-07-18 14:41:15,165,2024/07/18, 14:41:15,匿名ユーザ,Press button,190
2024-07-18 14:41:15,313,2024/07/18, 14:41:15,匿名ユーザ,Press button,200
2024-07-18 14:41:15,443,2024/07/18, 14:41:15,匿名ユーザ,Press button,210
2024-07-18 14:41:15,547,2024/07/18, 14:41:15,匿名ユーザ,Press button,220
2024-07-18 14:41:15,661,2024/07/18, 14:41:15,匿名ユーザ,Press button,230
2024-07-18 14:41:15,784,2024/07/18, 14:41:15,匿名ユーザ,Press button,239
2024-07-18 14:41:15,898,2024/07/18, 14:41:15,匿名ユーザ,Press button,249
2024-07-18 14:41:16,023,2024/07/18, 14:41:16,匿名ユーザ,Press button,259
2024-07-18 14:41:16,145,2024/07/18, 14:41:16,匿名ユーザ,Press button,269
2024-07-18 14:41:16,284,2024/07/18, 14:41:16,匿名ユーザ,Press button,279
2024-07-18 14:41:16,419,2024/07/18, 14:41:16,匿名ユーザ,Press button,289
2024-07-18 14:41:16,560,2024/07/18, 14:41:16,匿名ユーザ,Press button,299
2024-07-18 14:41:16,699,2024/07/18, 14:41:16,匿名ユーザ,Press button,309
2024-07-18 14:41:16,831,2024/07/18, 14:41:16,匿名ユーザ,Press button,318
2024-07-18 14:41:16,997,2024/07/18, 14:41:16,匿名ユーザ,Press button,328
2024-07-18 14:41:17,150,2024/07/18, 14:41:17,匿名ユーザ,Press button,338
2024-07-18 14:41:17,285,2024/07/18, 14:41:17,匿名ユーザ,Press button,348
2024-07-18 14:41:17,444,2024/07/18, 14:41:17,匿名ユーザ,Press button,358
2024-07-18 14:41:17,623,2024/07/18, 14:41:17,匿名ユーザ,Press button,368
2024-07-18 14:41:17,763,2024/07/18, 14:41:17,匿名ユーザ,Press button,377
2024-07-18 14:41:17,918,2024/07/18, 14:41:17,匿名ユーザ,Press button,387
2024-07-18 14:41:18,079,2024/07/18, 14:41:18,匿名ユーザ,Press button,397
2024-07-18 14:41:18,218,2024/07/18, 14:41:18,匿名ユーザ,Press button,407
2024-07-18 14:41:18,375,2024/07/18, 14:41:18,匿名ユーザ,Press button,417
2024-07-18 14:41:18,527,2024/07/18, 14:41:18,匿名ユーザ,Press button,427
2024-07-18 14:41:18,678,2024/07/18, 14:41:18,匿名ユーザ,Press button,437
2024-07-18 14:41:18,828,2024/07/18, 14:41:18,匿名ユーザ,Press button,446
2024-07-18 14:41:18,967,2024/07/18, 14:41:18,匿名ユーザ,Press button,456
2024-07-18 14:41:19,132,2024/07/18, 14:41:19,匿名ユーザ,Press button,466
2024-07-18 14:41:19,284,2024/07/18, 14:41:19,匿名ユーザ,Press button,476
2024-07-18 14:41:19,423,2024/07/18, 14:41:19,匿名ユーザ,Press button,486
2024-07-18 14:41:19,597,2024/07/18, 14:41:19,匿名ユーザ,Press button,496
2024-07-18 14:41:19,734,2024/07/18, 14:41:19,匿名ユーザ,Press button,499
2024-07-18 14:41:19,890,2024/07/18, 14:41:19,匿名ユーザ,Press button,500
2024-07-18 14:41:20,046,2024/07/18, 14:41:20,匿名ユーザ,Press button,500
2024-07-18 14:49:20,604,2024/07/18, 14:49:20,匿名ユーザ,Press button,50
2024-07-18 14:49:20,631,2024/07/18, 14:49:20,匿名ユーザ,Press button,60
2024-07-18 14:49:20,701,2024/07/18, 14:49:20,匿名ユーザ,Press button,70
2024-07-18 14:49:20,775,2024/07/18, 14:49:20,匿名ユーザ,Press button,80
2024-07-18 14:49:20,840,2024/07/18, 14:49:20,匿名ユーザ,Press button,90
2024-07-18 14:49:20,910,2024/07/18, 14:49:20,匿名ユーザ,Press button,100
2024-07-18 14:49:20,981,2024/07/18, 14:49:20,匿名ユーザ,Press button,110
2024-07-18 14:49:21,051,2024/07/18, 14:49:21,匿名ユーザ,Press button,120
2024-07-18 14:49:21,118,2024/07/18, 14:49:21,匿名ユーザ,Press button,130
2024-07-18 14:49:21,191,2024/07/18, 14:49:21,匿名ユーザ,Press button,140
2024-07-18 14:49:21,258,2024/07/18, 14:49:21,匿名ユーザ,Press button,150
2024-07-18 14:49:21,332,2024/07/18, 14:49:21,匿名ユーザ,Press button,160
2024-07-18 14:49:21,424,2024/07/18, 14:49:21,匿名ユーザ,Press button,169
2024-07-18 14:49:21,484,2024/07/18, 14:49:21,匿名ユーザ,Press button,179
2024-07-18 14:49:21,557,2024/07/18, 14:49:21,匿名ユーザ,Press button,189
2024-07-18 14:49:21,630,2024/07/18, 14:49:21,匿名ユーザ,Press button,199
2024-07-18 14:49:21,715,2024/07/18, 14:49:21,匿名ユーザ,Press button,209
2024-07-18 14:49:21,787,2024/07/18, 14:49:21,匿名ユーザ,Press button,219
2024-07-18 14:49:21,859,2024/07/18, 14:49:21,匿名ユーザ,Press button,229
2024-07-18 14:49:21,916,2024/07/18, 14:49:21,匿名ユーザ,Press button,239
2024-07-18 14:49:21,992,2024/07/18, 14:49:21,匿名ユーザ,Press button,249
2024-07-18 14:49:22,082,2024/07/18, 14:49:22,匿名ユーザ,Press button,259
2024-07-18 14:49:22,155,2024/07/18, 14:49:22,匿名ユーザ,Press button,269
2024-07-18 14:49:22,228,2024/07/18, 14:49:22,匿名ユーザ,Press button,279
2024-07-18 14:49:22,313,2024/07/18, 14:49:22,匿名ユーザ,Press button,289
2024-07-18 14:49:22,380,2024/07/18, 14:49:22,匿名ユーザ,Press button,299
2024-07-18 14:49:42,703,2024/07/18, 14:49:42,匿名ユーザ,Press button,288
2024-07-18 14:56:35,468,2024/07/18, 14:56:35,匿名ユーザ,Press button,50
2024-07-18 14:56:35,495,2024/07/18, 14:56:35,匿名ユーザ,Press button,60
2024-07-18 14:56:35,519,2024/07/18, 14:56:35,匿名ユーザ,Press button,70
2024-07-18 14:56:35,648,2024/07/18, 14:56:35,匿名ユーザ,Press button,80
2024-07-18 14:56:35,784,2024/07/18, 14:56:35,匿名ユーザ,Press button,90
2024-07-18 14:56:35,912,2024/07/18, 14:56:35,匿名ユーザ,Press button,100
2024-07-18 14:56:36,039,2024/07/18, 14:56:36,匿名ユーザ,Press button,110
2024-07-18 14:56:36,179,2024/07/18, 14:56:36,匿名ユーザ,Press button,119
2024-07-18 14:56:36,280,2024/07/18, 14:56:36,匿名ユーザ,Press button,129
2024-07-18 14:56:36,422,2024/07/18, 14:56:36,匿名ユーザ,Press button,139
2024-07-18 14:56:36,570,2024/07/18, 14:56:36,匿名ユーザ,Press button,149
2024-07-18 14:56:36,714,2024/07/18, 14:56:36,匿名ユーザ,Press button,159
2024-07-18 14:56:36,847,2024/07/18, 14:56:36,匿名ユーザ,Press button,169
2024-07-18 14:56:36,975,2024/07/18, 14:56:36,匿名ユーザ,Press button,179
2024-07-18 14:56:37,117,2024/07/18, 14:56:37,匿名ユーザ,Press button,188
2024-07-18 14:56:37,267,2024/07/18, 14:56:37,匿名ユーザ,Press button,198
2024-07-18 14:56:37,382,2024/07/18, 14:56:37,匿名ユーザ,Press button,208
2024-07-18 14:56:37,504,2024/07/18, 14:56:37,匿名ユーザ,Press button,218
2024-07-18 14:56:37,636,2024/07/18, 14:56:37,匿名ユーザ,Press button,228
2024-07-18 14:56:46,530,2024/07/18, 14:56:46,匿名ユーザ,Press button,229
2024-07-18 14:56:46,751,2024/07/18, 14:56:46,匿名ユーザ,Press button,239
2024-07-18 14:56:46,938,2024/07/18, 14:56:46,匿名ユーザ,Press button,249
2024-07-18 14:56:47,115,2024/07/18, 14:56:47,匿名ユーザ,Press button,258
2024-07-18 14:56:47,302,2024/07/18, 14:56:47,匿名ユーザ,Press button,268
2024-07-18 14:56:47,456,2024/07/18, 14:56:47,匿名ユーザ,Press button,278
2024-07-18 14:56:47,619,2024/07/18, 14:56:47,匿名ユーザ,Press button,288
2024-07-18 14:56:47,810,2024/07/18, 14:56:47,匿名ユーザ,Press button,298
2024-07-18 14:56:48,014,2024/07/18, 14:56:48,匿名ユーザ,Press button,308
2024-07-18 14:56:48,204,2024/07/18, 14:56:48,匿名ユーザ,Press button,317
2024-07-18 14:56:48,388,2024/07/18, 14:56:48,匿名ユーザ,Press button,327
2024-07-18 14:56:48,578,2024/07/18, 14:56:48,匿名ユーザ,Press button,337
2024-07-18 14:56:48,965,2024/07/18, 14:56:48,匿名ユーザ,Press button,347
2024-07-18 14:56:49,354,2024/07/18, 14:56:49,匿名ユーザ,Press button,356
2024-07-18 14:56:49,570,2024/07/18, 14:56:49,匿名ユーザ,Press button,366
2024-07-18 14:56:49,764,2024/07/18, 14:56:49,匿名ユーザ,Press button,376
2024-07-18 14:56:50,173,2024/07/18, 14:56:50,匿名ユーザ,Press button,385
2024-07-18 14:56:50,501,2024/07/18, 14:56:50,匿名ユーザ,Press button,395
2024-07-18 14:56:50,764,2024/07/18, 14:56:50,匿名ユーザ,Press button,405
2024-07-18 14:56:50,933,2024/07/18, 14:56:50,匿名ユーザ,Press button,415
2024-07-18 14:56:51,141,2024/07/18, 14:56:51,匿名ユーザ,Press button,424
2024-07-18 14:56:51,346,2024/07/18, 14:56:51,匿名ユーザ,Press button,434
2024-07-18 14:56:51,544,2024/07/18, 14:56:51,匿名ユーザ,Press button,444
2024-07-18 14:56:51,746,2024/07/18, 14:56:51,匿名ユーザ,Press button,454
2024-07-18 14:56:51,921,2024/07/18, 14:56:51,匿名ユーザ,Press button,464
2024-07-18 14:56:52,231,2024/07/18, 14:56:52,匿名ユーザ,Press button,473
2024-07-18 15:04:42,511,2024/07/18, 15:04:42,匿名ユーザ,Press button,50
2024-07-18 15:04:42,552,2024/07/18, 15:04:42,匿名ユーザ,Press button,60
2024-07-18 15:04:42,761,2024/07/18, 15:04:42,匿名ユーザ,Press button,69
2024-07-18 15:04:42,970,2024/07/18, 15:04:42,匿名ユーザ,Press button,79
2024-07-18 15:04:43,309,2024/07/18, 15:04:43,匿名ユーザ,Press button,89
2024-07-18 15:04:43,487,2024/07/18, 15:04:43,匿名ユーザ,Press button,99
2024-07-18 15:04:43,638,2024/07/18, 15:04:43,匿名ユーザ,Press button,109
2024-07-18 15:04:43,810,2024/07/18, 15:04:43,匿名ユーザ,Press button,118
2024-07-18 15:04:44,001,2024/07/18, 15:04:44,匿名ユーザ,Press button,128
2024-07-18 15:04:44,182,2024/07/18, 15:04:44,匿名ユーザ,Press button,138
2024-07-18 15:04:44,363,2024/07/18, 15:04:44,匿名ユーザ,Press button,148
2024-07-18 15:04:44,546,2024/07/18, 15:04:44,匿名ユーザ,Press button,158
2024-07-18 15:04:44,715,2024/07/18, 15:04:44,匿名ユーザ,Press button,167
2024-07-18 15:04:44,913,2024/07/18, 15:04:44,匿名ユーザ,Press button,177
2024-07-18 15:04:45,105,2024/07/18, 15:04:45,匿名ユーザ,Press button,187
2024-07-18 15:04:45,286,2024/07/18, 15:04:45,匿名ユーザ,Press button,197
2024-07-18 15:04:45,465,2024/07/18, 15:04:45,匿名ユーザ,Press button,207
2024-07-18 15:04:45,655,2024/07/18, 15:04:45,匿名ユーザ,Press button,217
2024-07-18 15:04:45,847,2024/07/18, 15:04:45,匿名ユーザ,Press button,226
2024-07-18 15:04:46,032,2024/07/18, 15:04:46,匿名ユーザ,Press button,236
2024-07-18 15:04:46,218,2024/07/18, 15:04:46,匿名ユーザ,Press button,246
2024-07-18 15:04:46,401,2024/07/18, 15:04:46,匿名ユーザ,Press button,256
2024-07-18 15:04:46,614,2024/07/18, 15:04:46,匿名ユーザ,Press button,266
2024-07-18 15:04:46,822,2024/07/18, 15:04:46,匿名ユーザ,Press button,275
2024-07-18 15:04:47,013,2024/07/18, 15:04:47,匿名ユーザ,Press button,285
2024-07-18 15:04:47,235,2024/07/18, 15:04:47,匿名ユーザ,Press button,295
2024-07-18 15:04:47,414,2024/07/18, 15:04:47,匿名ユーザ,Press button,305
2024-07-18 15:04:47,653,2024/07/18, 15:04:47,匿名ユーザ,Press button,315
2024-07-18 15:04:47,831,2024/07/18, 15:04:47,匿名ユーザ,Press button,324
2024-07-18 15:04:48,035,2024/07/18, 15:04:48,匿名ユーザ,Press button,334
2024-07-18 15:04:48,230,2024/07/18, 15:04:48,匿名ユーザ,Press button,344
2024-07-18 15:04:48,433,2024/07/18, 15:04:48,匿名ユーザ,Press button,354
2024-07-18 15:04:48,647,2024/07/18, 15:04:48,匿名ユーザ,Press button,364
2024-07-18 15:15:59,601,2024/07/18, 15:15:59,匿名ユーザ,Press button,50
2024-07-18 15:15:59,638,2024/07/18, 15:15:59,匿名ユーザ,Press button,59
2024-07-18 15:15:59,831,2024/07/18, 15:15:59,匿名ユーザ,Press button,69
2024-07-18 15:16:00,013,2024/07/18, 15:16:00,匿名ユーザ,Press button,79
2024-07-18 15:16:00,178,2024/07/18, 15:16:00,匿名ユーザ,Press button,89
2024-07-18 15:16:00,351,2024/07/18, 15:16:00,匿名ユーザ,Press button,99
2024-07-18 15:16:00,553,2024/07/18, 15:16:00,匿名ユーザ,Press button,109
2024-07-18 15:16:00,735,2024/07/18, 15:16:00,匿名ユーザ,Press button,118
2024-07-18 15:16:00,900,2024/07/18, 15:16:00,匿名ユーザ,Press button,128
2024-07-18 15:16:01,079,2024/07/18, 15:16:01,匿名ユーザ,Press button,138
2024-07-18 15:16:01,265,2024/07/18, 15:16:01,匿名ユーザ,Press button,148
2024-07-18 15:16:01,446,2024/07/18, 15:16:01,匿名ユーザ,Press button,158
2024-07-18 15:16:01,621,2024/07/18, 15:16:01,匿名ユーザ,Press button,168
2024-07-18 15:16:01,813,2024/07/18, 15:16:01,匿名ユーザ,Press button,177
2024-07-18 15:16:01,996,2024/07/18, 15:16:01,匿名ユーザ,Press button,187
2024-07-18 15:16:02,185,2024/07/18, 15:16:02,匿名ユーザ,Press button,197
2024-07-18 15:16:02,369,2024/07/18, 15:16:02,匿名ユーザ,Press button,207
2024-07-18 15:16:02,544,2024/07/18, 15:16:02,匿名ユーザ,Press button,217
2024-07-18 15:16:02,727,2024/07/18, 15:16:02,匿名ユーザ,Press button,226
2024-07-18 15:16:02,928,2024/07/18, 15:16:02,匿名ユーザ,Press button,236
2024-07-18 15:16:03,103,2024/07/18, 15:16:03,匿名ユーザ,Press button,246
2024-07-18 15:16:03,475,2024/07/18, 15:16:03,匿名ユーザ,Press button,256
2024-07-18 15:16:03,674,2024/07/18, 15:16:03,匿名ユーザ,Press button,265
2024-07-18 15:16:03,872,2024/07/18, 15:16:03,匿名ユーザ,Press button,275
2024-07-18 15:16:04,079,2024/07/18, 15:16:04,匿名ユーザ,Press button,285
2024-07-18 15:16:04,282,2024/07/18, 15:16:04,匿名ユーザ,Press button,295
2024-07-18 15:16:04,478,2024/07/18, 15:16:04,匿名ユーザ,Press button,305
2024-07-18 15:16:04,696,2024/07/18, 15:16:04,匿名ユーザ,Press button,314
2024-07-18 15:16:05,113,2024/07/18, 15:16:05,匿名ユーザ,Press button,324
2024-07-18 15:16:05,512,2024/07/18, 15:16:05,匿名ユーザ,Press button,334
2024-07-18 15:16:05,730,2024/07/18, 15:16:05,匿名ユーザ,Press button,343
2024-07-18 15:16:05,934,2024/07/18, 15:16:05,匿名ユーザ,Press button,353
2024-07-18 15:16:06,145,2024/07/18, 15:16:06,匿名ユーザ,Press button,363
2024-07-18 15:16:06,347,2024/07/18, 15:16:06,匿名ユーザ,Press button,373
2024-07-18 15:16:06,565,2024/07/18, 15:16:06,匿名ユーザ,Press button,383
2024-07-18 15:16:06,996,2024/07/18, 15:16:06,匿名ユーザ,Press button,392
2024-07-18 15:16:07,202,2024/07/18, 15:16:07,匿名ユーザ,Press button,402
2024-07-18 15:16:07,397,2024/07/18, 15:16:07,匿名ユーザ,Press button,412
2024-07-18 15:20:34,210,2024/07/18, 15:20:34,匿名ユーザ,Press button,155
2024-07-18 15:20:34,322,2024/07/18, 15:20:34,匿名ユーザ,Press button,165
2024-07-18 15:20:34,595,2024/07/18, 15:20:34,匿名ユーザ,Press button,175
2024-07-18 15:20:34,863,2024/07/18, 15:20:34,匿名ユーザ,Press button,185
2024-07-18 15:20:35,099,2024/07/18, 15:20:35,匿名ユーザ,Press button,194
2024-07-18 15:20:35,315,2024/07/18, 15:20:35,匿名ユーザ,Press button,204
2024-07-18 15:20:35,535,2024/07/18, 15:20:35,匿名ユーザ,Press button,214
2024-07-18 15:20:35,730,2024/07/18, 15:20:35,匿名ユーザ,Press button,224
2024-07-18 15:20:35,950,2024/07/18, 15:20:35,匿名ユーザ,Press button,234
2024-07-18 15:20:36,162,2024/07/18, 15:20:36,匿名ユーザ,Press button,243
2024-07-18 15:20:36,353,2024/07/18, 15:20:36,匿名ユーザ,Press button,253
2024-07-18 15:20:36,548,2024/07/18, 15:20:36,匿名ユーザ,Press button,263
2024-07-18 15:20:36,758,2024/07/18, 15:20:36,匿名ユーザ,Press button,273
2024-07-18 15:20:36,954,2024/07/18, 15:20:36,匿名ユーザ,Press button,283
2024-07-18 15:20:37,170,2024/07/18, 15:20:37,匿名ユーザ,Press button,292
2024-07-18 15:20:37,343,2024/07/18, 15:20:37,匿名ユーザ,Press button,302
2024-07-18 15:20:37,531,2024/07/18, 15:20:37,匿名ユーザ,Press button,312
2024-07-18 15:20:37,735,2024/07/18, 15:20:37,匿名ユーザ,Press button,322
2024-07-18 15:20:37,930,2024/07/18, 15:20:37,匿名ユーザ,Press button,332
2024-07-18 15:20:38,120,2024/07/18, 15:20:38,匿名ユーザ,Press button,341
2024-07-18 15:20:38,310,2024/07/18, 15:20:38,匿名ユーザ,Press button,351
2024-07-18 15:20:38,522,2024/07/18, 15:20:38,匿名ユーザ,Press button,361
2024-07-18 15:20:38,731,2024/07/18, 15:20:38,匿名ユーザ,Press button,371
2024-07-18 15:20:38,946,2024/07/18, 15:20:38,匿名ユーザ,Press button,381
2024-07-18 15:20:39,135,2024/07/18, 15:20:39,匿名ユーザ,Press button,390
2024-07-18 15:20:39,363,2024/07/18, 15:20:39,匿名ユーザ,Press button,400
2024-07-18 15:20:39,579,2024/07/18, 15:20:39,匿名ユーザ,Press button,410
2024-07-18 15:20:39,815,2024/07/18, 15:20:39,匿名ユーザ,Press button,420
2024-07-18 15:20:39,970,2024/07/18, 15:20:39,匿名ユーザ,Press button,430
2024-07-18 15:20:40,181,2024/07/18, 15:20:40,匿名ユーザ,Press button,439
2024-07-18 15:20:40,401,2024/07/18, 15:20:40,匿名ユーザ,Press button,449
2024-07-18 15:20:40,611,2024/07/18, 15:20:40,匿名ユーザ,Press button,459
2024-07-18 15:20:40,819,2024/07/18, 15:20:40,匿名ユーザ,Press button,469
2024-07-18 15:20:41,061,2024/07/18, 15:20:41,匿名ユーザ,Press button,478
2024-07-18 15:20:41,467,2024/07/18, 15:20:41,匿名ユーザ,Press button,488
2024-07-18 15:20:41,733,2024/07/18, 15:20:41,匿名ユーザ,Press button,498
2024-07-18 15:20:41,913,2024/07/18, 15:20:41,匿名ユーザ,Press button,500
2024-07-18 15:37:11,288,2024/07/18, 15:37:11,匿名ユーザ,Finish printing
2024-07-18 15:42:13,981,2024/07/18, 15:42:13,匿名ユーザ,Object removed
2024-07-18 15:42:38,003,2024/07/18, 15:42:38,匿名ユーザ,Evaluate object, -1
