2024-07-03 12:09:15,327,2024/07/03, 12:09:15,Anonymous user,Print start,Tetromino_S.gcode
2024-07-03 12:09:15,395,2024/07/03, 12:09:15,Anonymous user,Press button
2024-07-03 12:11:56,183,2024/07/03, 12:11:56,Anonymous user,Press button
2024-07-03 12:11:56,461,2024/07/03, 12:11:56,Anonymous user,Press button
2024-07-03 12:12:08,295,2024/07/03, 12:12:08,Anonymous user,Press button
2024-07-03 12:12:08,441,2024/07/03, 12:12:08,Anonymous user,Press button
2024-07-03 12:12:08,587,2024/07/03, 12:12:08,Anonymous user,Press button
2024-07-03 12:12:08,733,2024/07/03, 12:12:08,Anonymous user,Press button
2024-07-03 12:13:14,763,2024/07/03, 12:13:14,2300049,Press button
2024-07-03 12:13:14,902,2024/07/03, 12:13:14,2300049,Press button
2024-07-03 12:13:15,042,2024/07/03, 12:13:15,2300049,Press button
2024-07-03 12:13:15,182,2024/07/03, 12:13:15,2300049,Press button
2024-07-03 12:13:15,361,2024/07/03, 12:13:15,2300049,Press button
2024-07-03 12:13:15,500,2024/07/03, 12:13:15,2300049,Press button
2024-07-03 12:13:15,596,2024/07/03, 12:13:15,2300049,Press button
2024-07-03 12:13:15,782,2024/07/03, 12:13:15,2300049,Press button
2024-07-03 12:13:15,921,2024/07/03, 12:13:15,2300049,Press button
2024-07-03 12:13:16,069,2024/07/03, 12:13:16,2300049,Press button
2024-07-03 12:13:16,208,2024/07/03, 12:13:16,2300049,Press button
2024-07-03 12:13:16,350,2024/07/03, 12:13:16,2300049,Press button
2024-07-03 12:13:16,533,2024/07/03, 12:13:16,2300049,Press button
2024-07-03 12:13:16,672,2024/07/03, 12:13:16,2300049,Press button
2024-07-03 12:13:16,950,2024/07/03, 12:13:16,2300049,Press button
2024-07-03 12:13:17,145,2024/07/03, 12:13:17,2300049,Press button
2024-07-03 12:13:17,286,2024/07/03, 12:13:17,2300049,Press button
2024-07-03 12:13:17,472,2024/07/03, 12:13:17,2300049,Press button
2024-07-03 12:13:17,744,2024/07/03, 12:13:17,2300049,Press button
2024-07-03 12:13:17,886,2024/07/03, 12:13:17,2300049,Press button
2024-07-03 12:14:49,848,2024/07/03, 12:14:49,Anonymous user,Press button
2024-07-03 12:14:50,043,2024/07/03, 12:14:50,Anonymous user,Press button
2024-07-03 12:14:50,591,2024/07/03, 12:14:50,Anonymous user,Press button
2024-07-03 12:14:50,783,2024/07/03, 12:14:50,Anonymous user,Press button
2024-07-03 12:14:50,927,2024/07/03, 12:14:50,Anonymous user,Press button
2024-07-03 12:14:51,117,2024/07/03, 12:14:51,Anonymous user,Press button
2024-07-03 12:14:51,311,2024/07/03, 12:14:51,Anonymous user,Press button
2024-07-03 12:14:51,455,2024/07/03, 12:14:51,Anonymous user,Press button
2024-07-03 12:14:51,652,2024/07/03, 12:14:51,Anonymous user,Press button
2024-07-03 12:14:51,762,2024/07/03, 12:14:51,Anonymous user,Press button
2024-07-03 12:14:52,088,2024/07/03, 12:14:52,Anonymous user,Press button
2024-07-03 12:14:52,280,2024/07/03, 12:14:52,Anonymous user,Press button
2024-07-03 12:14:52,336,2024/07/03, 12:14:52,Anonymous user,Press button
2024-07-03 12:14:52,491,2024/07/03, 12:14:52,Anonymous user,Press button
2024-07-03 12:14:52,596,2024/07/03, 12:14:52,Anonymous user,Press button
2024-07-03 12:14:52,653,2024/07/03, 12:14:52,Anonymous user,Press button
2024-07-03 12:14:52,763,2024/07/03, 12:14:52,Anonymous user,Press button
2024-07-03 12:14:52,819,2024/07/03, 12:14:52,Anonymous user,Press button
2024-07-03 12:14:53,052,2024/07/03, 12:14:53,Anonymous user,Press button
2024-07-03 12:14:53,197,2024/07/03, 12:14:53,Anonymous user,Press button
2024-07-03 12:14:53,801,2024/07/03, 12:14:53,Anonymous user,Press button
2024-07-03 12:14:53,999,2024/07/03, 12:14:53,Anonymous user,Press button
2024-07-03 12:49:59,504,2024/07/03, 12:49:59,Anonymous user,Press button
2024-07-03 12:49:59,663,2024/07/03, 12:49:59,Anonymous user,Press button
2024-07-03 12:49:59,820,2024/07/03, 12:49:59,Anonymous user,Press button
2024-07-03 12:49:59,928,2024/07/03, 12:49:59,Anonymous user,Press button
2024-07-03 12:50:00,086,2024/07/03, 12:50:00,Anonymous user,Press button
2024-07-03 12:50:00,239,2024/07/03, 12:50:00,Anonymous user,Press button
2024-07-03 12:50:00,478,2024/07/03, 12:50:00,Anonymous user,Press button
2024-07-03 12:50:00,626,2024/07/03, 12:50:00,Anonymous user,Press button
2024-07-03 12:50:00,771,2024/07/03, 12:50:00,Anonymous user,Press button
2024-07-03 12:50:00,918,2024/07/03, 12:50:00,Anonymous user,Press button
2024-07-03 12:50:01,071,2024/07/03, 12:50:01,Anonymous user,Press button
2024-07-03 12:50:01,177,2024/07/03, 12:50:01,Anonymous user,Press button
2024-07-03 12:50:01,321,2024/07/03, 12:50:01,Anonymous user,Press button
2024-07-03 12:50:03,523,2024/07/03, 12:50:03,2300049,Press button
2024-07-03 12:50:03,619,2024/07/03, 12:50:03,2300049,Press button
2024-07-03 12:50:03,802,2024/07/03, 12:50:03,2300049,Press button
2024-07-03 12:50:03,941,2024/07/03, 12:50:03,2300049,Press button
2024-07-03 12:50:04,081,2024/07/03, 12:50:04,2300049,Press button
2024-07-03 12:50:04,265,2024/07/03, 12:50:04,2300049,Press button
2024-07-03 12:50:04,406,2024/07/03, 12:50:04,2300049,Press button
2024-07-03 12:50:04,545,2024/07/03, 12:50:04,2300049,Press button
2024-07-03 14:29:18,321,2024/07/03, 14:29:18,Anonymous user,Finish printing
2024-07-03 16:29:09,385,2024/07/03, 16:29:09,2300049,Object removed
2024-07-03 16:29:23,639,2024/07/03, 16:29:23,2300049,Evaluate object, 0
