2024-07-02 13:48:52,530,2024/07/02, 13:48:52,2300049,Print start,Tetromino_J.gcode
2024-07-02 13:49:09,060,2024/07/02, 13:49:09,Anonymous user,Press button
2024-07-02 13:49:09,260,2024/07/02, 13:49:09,Anonymous user,Press button
2024-07-02 13:49:09,444,2024/07/02, 13:49:09,2300049,Press button
2024-07-02 13:49:10,110,2024/07/02, 13:49:10,2300049,Press button
2024-07-02 13:49:10,295,2024/07/02, 13:49:10,2300049,Press button
2024-07-02 13:49:10,433,2024/07/02, 13:49:10,2300049,Press button
2024-07-02 13:49:10,571,2024/07/02, 13:49:10,2300049,Press button
2024-07-02 13:49:19,406,2024/07/02, 13:49:19,Anonymous user,Press button
2024-07-02 13:50:24,452,2024/07/02, 13:50:24,Anonymous user,Press button
2024-07-02 13:50:24,595,2024/07/02, 13:50:24,Anonymous user,Press button
2024-07-02 13:50:24,741,2024/07/02, 13:50:24,Anonymous user,Press button
2024-07-02 13:50:24,889,2024/07/02, 13:50:24,Anonymous user,Press button
2024-07-02 13:50:24,990,2024/07/02, 13:50:24,Anonymous user,Press button
2024-07-02 13:50:25,138,2024/07/02, 13:50:25,Anonymous user,Press button
2024-07-02 13:50:25,281,2024/07/02, 13:50:25,Anonymous user,Press button
2024-07-02 13:50:25,383,2024/07/02, 13:50:25,Anonymous user,Press button
2024-07-02 13:50:25,530,2024/07/02, 13:50:25,Anonymous user,Press button
2024-07-02 13:50:25,675,2024/07/02, 13:50:25,Anonymous user,Press button
2024-07-02 13:50:25,776,2024/07/02, 13:50:25,Anonymous user,Press button
2024-07-02 14:37:03,659,2024/07/02, 14:37:03,Anonymous user,Press button
2024-07-02 14:37:03,816,2024/07/02, 14:37:03,Anonymous user,Press button
2024-07-02 14:37:03,972,2024/07/02, 14:37:03,Anonymous user,Press button
2024-07-02 14:37:04,078,2024/07/02, 14:37:04,Anonymous user,Press button
2024-07-02 14:37:04,235,2024/07/02, 14:37:04,Anonymous user,Press button
2024-07-02 14:37:04,343,2024/07/02, 14:37:04,Anonymous user,Press button
2024-07-02 14:37:04,495,2024/07/02, 14:37:04,Anonymous user,Press button
2024-07-02 14:37:04,596,2024/07/02, 14:37:04,Anonymous user,Press button
2024-07-02 14:37:04,747,2024/07/02, 14:37:04,Anonymous user,Press button
2024-07-02 14:37:04,893,2024/07/02, 14:37:04,Anonymous user,Press button
2024-07-02 14:37:04,994,2024/07/02, 14:37:04,Anonymous user,Press button
2024-07-02 14:37:05,140,2024/07/02, 14:37:05,Anonymous user,Press button
2024-07-02 14:37:05,240,2024/07/02, 14:37:05,Anonymous user,Press button
2024-07-02 14:37:05,384,2024/07/02, 14:37:05,Anonymous user,Press button
2024-07-02 14:37:05,527,2024/07/02, 14:37:05,Anonymous user,Press button
2024-07-02 14:37:05,626,2024/07/02, 14:37:05,Anonymous user,Press button
2024-07-02 14:37:05,774,2024/07/02, 14:37:05,Anonymous user,Press button
2024-07-02 14:37:05,875,2024/07/02, 14:37:05,Anonymous user,Press button
2024-07-02 14:37:05,978,2024/07/02, 14:37:05,Anonymous user,Press button
2024-07-02 14:37:06,083,2024/07/02, 14:37:06,Anonymous user,Press button
2024-07-02 14:37:06,228,2024/07/02, 14:37:06,Anonymous user,Press button
2024-07-02 14:37:06,329,2024/07/02, 14:37:06,Anonymous user,Press button
2024-07-02 14:37:06,482,2024/07/02, 14:37:06,Anonymous user,Press button
2024-07-02 14:37:06,590,2024/07/02, 14:37:06,Anonymous user,Press button
2024-07-02 14:37:06,736,2024/07/02, 14:37:06,Anonymous user,Press button
2024-07-02 14:37:06,835,2024/07/02, 14:37:06,Anonymous user,Press button
2024-07-02 14:37:07,113,2024/07/02, 14:37:07,Anonymous user,Press button
2024-07-02 14:37:07,221,2024/07/02, 14:37:07,Anonymous user,Press button
2024-07-02 14:37:07,322,2024/07/02, 14:37:07,Anonymous user,Press button
2024-07-02 14:37:07,475,2024/07/02, 14:37:07,Anonymous user,Press button
2024-07-02 15:24:56,190,2024/07/02, 15:24:56,Anonymous user,Press button
2024-07-02 15:24:56,348,2024/07/02, 15:24:56,Anonymous user,Press button
2024-07-02 15:24:56,506,2024/07/02, 15:24:56,Anonymous user,Press button
2024-07-02 15:24:56,609,2024/07/02, 15:24:56,Anonymous user,Press button
2024-07-02 15:24:56,753,2024/07/02, 15:24:56,Anonymous user,Press button
2024-07-02 15:24:56,853,2024/07/02, 15:24:56,Anonymous user,Press button
2024-07-02 15:24:57,010,2024/07/02, 15:24:57,Anonymous user,Press button
2024-07-02 15:24:57,164,2024/07/02, 15:24:57,Anonymous user,Press button
2024-07-02 15:24:57,268,2024/07/02, 15:24:57,Anonymous user,Press button
2024-07-02 15:24:57,413,2024/07/02, 15:24:57,Anonymous user,Press button
2024-07-02 15:24:57,513,2024/07/02, 15:24:57,Anonymous user,Press button
2024-07-02 15:24:57,660,2024/07/02, 15:24:57,Anonymous user,Press button
2024-07-02 15:24:57,806,2024/07/02, 15:24:57,Anonymous user,Press button
2024-07-02 15:24:57,909,2024/07/02, 15:24:57,Anonymous user,Press button
2024-07-02 15:24:58,054,2024/07/02, 15:24:58,Anonymous user,Press button
2024-07-02 15:24:58,203,2024/07/02, 15:24:58,Anonymous user,Press button
2024-07-02 15:24:58,304,2024/07/02, 15:24:58,Anonymous user,Press button
2024-07-02 15:24:58,450,2024/07/02, 15:24:58,Anonymous user,Press button
2024-07-02 15:24:58,605,2024/07/02, 15:24:58,Anonymous user,Press button
2024-07-02 15:24:58,717,2024/07/02, 15:24:58,Anonymous user,Press button
2024-07-02 15:24:58,863,2024/07/02, 15:24:58,Anonymous user,Press button
2024-07-02 15:24:58,968,2024/07/02, 15:24:58,Anonymous user,Press button
2024-07-02 15:24:59,162,2024/07/02, 15:24:59,Anonymous user,Press button
2024-07-02 15:24:59,265,2024/07/02, 15:24:59,Anonymous user,Press button
2024-07-02 15:24:59,421,2024/07/02, 15:24:59,Anonymous user,Press button
2024-07-02 15:24:59,532,2024/07/02, 15:24:59,Anonymous user,Press button
2024-07-02 15:24:59,684,2024/07/02, 15:24:59,Anonymous user,Press button
2024-07-02 15:24:59,842,2024/07/02, 15:24:59,Anonymous user,Press button
2024-07-02 15:24:59,942,2024/07/02, 15:24:59,Anonymous user,Press button
2024-07-02 15:25:00,090,2024/07/02, 15:25:00,Anonymous user,Press button
2024-07-02 15:25:00,379,2024/07/02, 15:25:00,Anonymous user,Press button
2024-07-02 15:25:00,486,2024/07/02, 15:25:00,Anonymous user,Press button
2024-07-02 15:25:00,677,2024/07/02, 15:25:00,Anonymous user,Press button
2024-07-02 15:25:00,776,2024/07/02, 15:25:00,Anonymous user,Press button
2024-07-02 15:25:00,925,2024/07/02, 15:25:00,Anonymous user,Press button
2024-07-02 15:25:01,074,2024/07/02, 15:25:01,Anonymous user,Press button
2024-07-02 15:25:01,223,2024/07/02, 15:25:01,Anonymous user,Press button
2024-07-02 15:25:01,477,2024/07/02, 15:25:01,Anonymous user,Press button
2024-07-02 15:25:01,778,2024/07/02, 15:25:01,Anonymous user,Press button
2024-07-02 15:25:01,933,2024/07/02, 15:25:01,Anonymous user,Press button
2024-07-02 15:25:02,042,2024/07/02, 15:25:02,Anonymous user,Press button
2024-07-02 15:25:02,197,2024/07/02, 15:25:02,Anonymous user,Press button
2024-07-02 15:25:02,304,2024/07/02, 15:25:02,Anonymous user,Press button
2024-07-02 15:25:02,474,2024/07/02, 15:25:02,Anonymous user,Press button
2024-07-02 15:25:02,582,2024/07/02, 15:25:02,Anonymous user,Press button
2024-07-02 15:25:02,785,2024/07/02, 15:25:02,Anonymous user,Press button
2024-07-02 15:25:02,891,2024/07/02, 15:25:02,Anonymous user,Press button
2024-07-02 15:25:03,045,2024/07/02, 15:25:03,Anonymous user,Press button
2024-07-02 15:25:03,153,2024/07/02, 15:25:03,Anonymous user,Press button
2024-07-02 15:46:14,592,2024/07/02, 15:46:14,Anonymous user,Press button
2024-07-02 15:46:14,794,2024/07/02, 15:46:14,Anonymous user,Press button
2024-07-02 15:46:14,949,2024/07/02, 15:46:14,Anonymous user,Press button
2024-07-02 15:46:15,093,2024/07/02, 15:46:15,Anonymous user,Press button
2024-07-02 15:46:15,250,2024/07/02, 15:46:15,Anonymous user,Press button
2024-07-02 15:46:15,403,2024/07/02, 15:46:15,Anonymous user,Press button
2024-07-02 15:46:15,559,2024/07/02, 15:46:15,Anonymous user,Press button
2024-07-02 15:46:15,667,2024/07/02, 15:46:15,Anonymous user,Press button
2024-07-02 15:46:15,950,2024/07/02, 15:46:15,Anonymous user,Press button
2024-07-02 15:46:16,057,2024/07/02, 15:46:16,Anonymous user,Press button
2024-07-02 15:46:16,211,2024/07/02, 15:46:16,Anonymous user,Press button
2024-07-02 15:46:16,369,2024/07/02, 15:46:16,Anonymous user,Press button
2024-07-02 15:57:36,782,2024/07/02, 15:57:36,Anonymous user,Finish printing
2024-07-02 16:16:34,007,2024/07/02, 16:16:34,Anonymous user,Object removed
2024-07-02 16:16:45,214,2024/07/02, 16:16:45,Anonymous user,Evaluate object, 1
