2024-12-08 15:29:41,309,2024/12/08, 15:29:41,匿名ユーザ,Print start,./M_S/output_0.gcode
2024-12-08 15:36:49,962,2024/12/08, 15:36:49,匿名ユーザ,Press button,50
2024-12-08 15:36:50,070,2024/12/08, 15:36:50,匿名ユーザ,Press button,60
2024-12-08 15:36:50,222,2024/12/08, 15:36:50,匿名ユーザ,Press button,69
2024-12-08 15:36:50,348,2024/12/08, 15:36:50,匿名ユーザ,Press button,79
2024-12-08 15:36:50,480,2024/12/08, 15:36:50,匿名ユーザ,Press button,89
2024-12-08 15:36:50,592,2024/12/08, 15:36:50,匿名ユーザ,Press button,99
2024-12-08 15:36:50,724,2024/12/08, 15:36:50,匿名ユーザ,Press button,109
2024-12-08 15:36:50,834,2024/12/08, 15:36:50,匿名ユーザ,Press button,119
2024-12-08 15:36:50,960,2024/12/08, 15:36:50,匿名ユーザ,Press button,129
2024-12-08 15:36:51,079,2024/12/08, 15:36:51,匿名ユーザ,Press button,139
2024-12-08 15:36:51,323,2024/12/08, 15:36:51,匿名ユーザ,Press button,148
2024-12-08 15:36:51,455,2024/12/08, 15:36:51,匿名ユーザ,Press button,158
2024-12-08 15:36:51,587,2024/12/08, 15:36:51,匿名ユーザ,Press button,168
2024-12-08 15:36:51,728,2024/12/08, 15:36:51,匿名ユーザ,Press button,178
2024-12-08 15:36:51,852,2024/12/08, 15:36:51,匿名ユーザ,Press button,188
2024-12-08 15:36:52,018,2024/12/08, 15:36:52,匿名ユーザ,Press button,198
2024-12-08 16:04:02,385,2024/12/08, 16:04:02,匿名ユーザ,Press button,50
2024-12-08 16:04:02,511,2024/12/08, 16:04:02,匿名ユーザ,Press button,60
2024-12-08 16:04:02,720,2024/12/08, 16:04:02,匿名ユーザ,Press button,70
2024-12-08 16:04:02,951,2024/12/08, 16:04:02,匿名ユーザ,Press button,80
2024-12-08 16:04:03,072,2024/12/08, 16:04:03,匿名ユーザ,Press button,90
2024-12-08 16:04:03,181,2024/12/08, 16:04:03,匿名ユーザ,Press button,100
2024-12-08 16:04:03,409,2024/12/08, 16:04:03,匿名ユーザ,Press button,109
2024-12-08 16:04:03,662,2024/12/08, 16:04:03,匿名ユーザ,Press button,119
2024-12-08 16:04:03,809,2024/12/08, 16:04:03,匿名ユーザ,Press button,129
2024-12-08 16:04:03,923,2024/12/08, 16:04:03,匿名ユーザ,Press button,139
2024-12-08 16:04:04,062,2024/12/08, 16:04:04,匿名ユーザ,Press button,149
2024-12-08 16:04:04,220,2024/12/08, 16:04:04,匿名ユーザ,Press button,159
2024-12-08 16:04:04,339,2024/12/08, 16:04:04,匿名ユーザ,Press button,168
2024-12-08 16:33:15,154,2024/12/08, 16:33:15,匿名ユーザ,Press button,50
2024-12-08 16:33:15,578,2024/12/08, 16:33:15,匿名ユーザ,Press button,59
2024-12-08 16:33:15,777,2024/12/08, 16:33:15,匿名ユーザ,Press button,69
2024-12-08 16:33:16,081,2024/12/08, 16:33:16,匿名ユーザ,Press button,79
2024-12-08 16:33:16,235,2024/12/08, 16:33:16,匿名ユーザ,Press button,89
2024-12-08 16:33:16,456,2024/12/08, 16:33:16,匿名ユーザ,Press button,98
2024-12-08 16:33:16,665,2024/12/08, 16:33:16,匿名ユーザ,Press button,108
2024-12-08 16:33:16,848,2024/12/08, 16:33:16,匿名ユーザ,Press button,118
2024-12-08 16:33:17,027,2024/12/08, 16:33:17,匿名ユーザ,Press button,128
2024-12-08 16:33:17,211,2024/12/08, 16:33:17,匿名ユーザ,Press button,138
2024-12-08 16:33:17,418,2024/12/08, 16:33:17,匿名ユーザ,Press button,148
2024-12-08 16:33:17,603,2024/12/08, 16:33:17,匿名ユーザ,Press button,157
2024-12-08 16:33:17,824,2024/12/08, 16:33:17,匿名ユーザ,Press button,167
2024-12-08 16:33:18,033,2024/12/08, 16:33:18,匿名ユーザ,Press button,177
2024-12-08 16:33:18,248,2024/12/08, 16:33:18,匿名ユーザ,Press button,187
2024-12-08 16:33:18,449,2024/12/08, 16:33:18,匿名ユーザ,Press button,196
2024-12-08 16:33:18,676,2024/12/08, 16:33:18,匿名ユーザ,Press button,206
2024-12-08 16:33:18,907,2024/12/08, 16:33:18,匿名ユーザ,Press button,216
2024-12-08 16:55:24,602,2024/12/08, 16:55:24,匿名ユーザ,Press button,50
2024-12-08 16:55:24,715,2024/12/08, 16:55:24,匿名ユーザ,Press button,60
2024-12-08 16:55:24,815,2024/12/08, 16:55:24,匿名ユーザ,Press button,70
2024-12-08 16:55:24,943,2024/12/08, 16:55:24,匿名ユーザ,Press button,80
2024-12-08 16:55:25,041,2024/12/08, 16:55:25,匿名ユーザ,Press button,90
2024-12-08 16:55:25,153,2024/12/08, 16:55:25,匿名ユーザ,Press button,99
2024-12-08 16:55:25,239,2024/12/08, 16:55:25,匿名ユーザ,Press button,109
2024-12-08 16:55:25,366,2024/12/08, 16:55:25,匿名ユーザ,Press button,119
2024-12-08 16:55:25,458,2024/12/08, 16:55:25,匿名ユーザ,Press button,129
2024-12-08 16:55:25,554,2024/12/08, 16:55:25,匿名ユーザ,Press button,139
2024-12-08 16:55:25,753,2024/12/08, 16:55:25,匿名ユーザ,Press button,149
2024-12-08 16:55:25,870,2024/12/08, 16:55:25,匿名ユーザ,Press button,159
2024-12-08 16:55:25,973,2024/12/08, 16:55:25,匿名ユーザ,Press button,169
2024-12-08 16:55:26,088,2024/12/08, 16:55:26,匿名ユーザ,Press button,179
2024-12-08 16:55:26,187,2024/12/08, 16:55:26,匿名ユーザ,Press button,188
2024-12-08 16:55:26,294,2024/12/08, 16:55:26,匿名ユーザ,Press button,198
2024-12-08 16:55:26,404,2024/12/08, 16:55:26,匿名ユーザ,Press button,208
2024-12-08 16:55:26,492,2024/12/08, 16:55:26,匿名ユーザ,Press button,218
2024-12-08 16:55:26,636,2024/12/08, 16:55:26,匿名ユーザ,Press button,228
2024-12-08 16:55:26,708,2024/12/08, 16:55:26,匿名ユーザ,Press button,238
2024-12-08 16:55:26,944,2024/12/08, 16:55:26,匿名ユーザ,Press button,248
2024-12-08 16:55:27,167,2024/12/08, 16:55:27,匿名ユーザ,Press button,257
2024-12-08 16:55:27,347,2024/12/08, 16:55:27,匿名ユーザ,Press button,267
2024-12-08 16:55:27,501,2024/12/08, 16:55:27,匿名ユーザ,Press button,277
2024-12-08 16:55:27,637,2024/12/08, 16:55:27,匿名ユーザ,Press button,287
2024-12-08 16:55:27,770,2024/12/08, 16:55:27,匿名ユーザ,Press button,297
2024-12-08 16:55:27,882,2024/12/08, 16:55:27,匿名ユーザ,Press button,307
2024-12-08 16:55:28,004,2024/12/08, 16:55:28,匿名ユーザ,Press button,317
2024-12-08 16:55:28,086,2024/12/08, 16:55:28,匿名ユーザ,Press button,327
2024-12-08 16:55:28,188,2024/12/08, 16:55:28,匿名ユーザ,Press button,336
2024-12-08 16:55:28,323,2024/12/08, 16:55:28,匿名ユーザ,Press button,346
2024-12-08 16:55:28,426,2024/12/08, 16:55:28,匿名ユーザ,Press button,356
2024-12-08 16:55:28,540,2024/12/08, 16:55:28,匿名ユーザ,Press button,366
2024-12-08 16:55:28,676,2024/12/08, 16:55:28,匿名ユーザ,Press button,376
2024-12-08 16:55:28,772,2024/12/08, 16:55:28,匿名ユーザ,Press button,386
2024-12-08 16:55:29,002,2024/12/08, 16:55:29,匿名ユーザ,Press button,396
2024-12-08 16:55:29,105,2024/12/08, 16:55:29,匿名ユーザ,Press button,405
2024-12-08 16:55:29,231,2024/12/08, 16:55:29,匿名ユーザ,Press button,415
2024-12-08 16:55:29,433,2024/12/08, 16:55:29,匿名ユーザ,Press button,425
2024-12-08 16:55:29,560,2024/12/08, 16:55:29,匿名ユーザ,Press button,435
2024-12-08 16:55:29,685,2024/12/08, 16:55:29,匿名ユーザ,Press button,445
2024-12-08 16:55:29,802,2024/12/08, 16:55:29,匿名ユーザ,Press button,455
2024-12-08 16:55:29,897,2024/12/08, 16:55:29,匿名ユーザ,Press button,465
2024-12-08 16:55:30,015,2024/12/08, 16:55:30,匿名ユーザ,Press button,475
2024-12-08 16:55:30,151,2024/12/08, 16:55:30,匿名ユーザ,Press button,484
2024-12-08 16:55:30,251,2024/12/08, 16:55:30,匿名ユーザ,Press button,494
2024-12-08 16:55:30,406,2024/12/08, 16:55:30,匿名ユーザ,Press button,500
2024-12-08 16:55:30,668,2024/12/08, 16:55:30,匿名ユーザ,Press button,500
2024-12-08 16:55:30,785,2024/12/08, 16:55:30,匿名ユーザ,Press button,500
2024-12-08 16:55:30,956,2024/12/08, 16:55:30,匿名ユーザ,Press button,500
2024-12-08 16:55:31,074,2024/12/08, 16:55:31,匿名ユーザ,Press button,500
2024-12-08 16:55:31,213,2024/12/08, 16:55:31,匿名ユーザ,Press button,499
2024-12-08 16:55:31,361,2024/12/08, 16:55:31,匿名ユーザ,Press button,500
2024-12-08 16:55:31,415,2024/12/08, 16:55:31,匿名ユーザ,Press button,500
2024-12-08 16:55:31,641,2024/12/08, 16:55:31,匿名ユーザ,Press button,500
2024-12-08 17:06:45,000,2024/12/08, 17:06:45,匿名ユーザ,Press button,50
2024-12-08 17:06:45,076,2024/12/08, 17:06:45,匿名ユーザ,Press button,60
2024-12-08 17:06:45,902,2024/12/08, 17:06:45,匿名ユーザ,Press button,70
2024-12-08 17:06:46,859,2024/12/08, 17:06:46,匿名ユーザ,Press button,79
2024-12-08 17:06:46,997,2024/12/08, 17:06:46,匿名ユーザ,Press button,88
2024-12-08 17:06:47,113,2024/12/08, 17:06:47,匿名ユーザ,Press button,98
2024-12-08 17:06:47,436,2024/12/08, 17:06:47,匿名ユーザ,Press button,108
2024-12-08 17:06:47,551,2024/12/08, 17:06:47,匿名ユーザ,Press button,118
2024-12-08 17:06:47,804,2024/12/08, 17:06:47,匿名ユーザ,Press button,128
2024-12-08 17:06:47,921,2024/12/08, 17:06:47,匿名ユーザ,Press button,138
2024-12-08 17:06:48,073,2024/12/08, 17:06:48,匿名ユーザ,Press button,147
2024-12-08 17:06:48,212,2024/12/08, 17:06:48,匿名ユーザ,Press button,157
2024-12-08 17:06:48,345,2024/12/08, 17:06:48,匿名ユーザ,Press button,167
2024-12-08 17:06:48,471,2024/12/08, 17:06:48,匿名ユーザ,Press button,177
2024-12-08 17:06:48,626,2024/12/08, 17:06:48,匿名ユーザ,Press button,187
2024-12-08 17:06:48,747,2024/12/08, 17:06:48,匿名ユーザ,Press button,197
2024-12-08 17:06:48,996,2024/12/08, 17:06:48,匿名ユーザ,Press button,206
2024-12-08 17:31:25,375,2024/12/08, 17:31:25,匿名ユーザ,Finish printing
2024-12-08 17:35:31,438,2024/12/08, 17:35:31,匿名ユーザ,Object removed
2024-12-08 17:35:36,781,2024/12/08, 17:35:36,匿名ユーザ,Evaluate object, 0
