2024-12-08 13:52:49,104,2024/12/08, 13:52:49,匿名ユーザ,Print start,./M_S/output_0.gcode
2024-12-08 13:55:39,705,2024/12/08, 13:55:39,匿名ユーザ,Press button,50
2024-12-08 13:55:39,995,2024/12/08, 13:55:39,匿名ユーザ,Press button,60
2024-12-08 13:55:40,268,2024/12/08, 13:55:40,匿名ユーザ,Press button,70
2024-12-08 13:55:40,542,2024/12/08, 13:55:40,匿名ユーザ,Press button,79
2024-12-08 13:55:40,835,2024/12/08, 13:55:40,匿名ユーザ,Press button,89
2024-12-08 14:15:52,720,2024/12/08, 14:15:52,匿名ユーザ,Press button,50
2024-12-08 14:15:52,951,2024/12/08, 14:15:52,匿名ユーザ,Press button,59
2024-12-08 14:15:53,150,2024/12/08, 14:15:53,匿名ユーザ,Press button,69
2024-12-08 14:15:53,237,2024/12/08, 14:15:53,匿名ユーザ,Press button,79
2024-12-08 14:15:53,471,2024/12/08, 14:15:53,匿名ユーザ,Press button,89
2024-12-08 14:15:53,612,2024/12/08, 14:15:53,匿名ユーザ,Press button,99
2024-12-08 14:15:53,752,2024/12/08, 14:15:53,匿名ユーザ,Press button,109
2024-12-08 14:15:53,896,2024/12/08, 14:15:53,匿名ユーザ,Press button,118
2024-12-08 14:15:54,037,2024/12/08, 14:15:54,匿名ユーザ,Press button,128
2024-12-08 14:15:54,167,2024/12/08, 14:15:54,匿名ユーザ,Press button,138
2024-12-08 14:15:54,302,2024/12/08, 14:15:54,匿名ユーザ,Press button,148
2024-12-08 14:15:54,441,2024/12/08, 14:15:54,匿名ユーザ,Press button,158
2024-12-08 14:15:54,580,2024/12/08, 14:15:54,匿名ユーザ,Press button,168
2024-12-08 14:15:54,717,2024/12/08, 14:15:54,匿名ユーザ,Press button,178
2024-12-08 14:15:54,848,2024/12/08, 14:15:54,匿名ユーザ,Press button,187
2024-12-08 14:15:54,977,2024/12/08, 14:15:54,匿名ユーザ,Press button,197
2024-12-08 14:15:55,137,2024/12/08, 14:15:55,匿名ユーザ,Press button,207
2024-12-08 14:15:55,259,2024/12/08, 14:15:55,匿名ユーザ,Press button,217
2024-12-08 14:15:55,392,2024/12/08, 14:15:55,匿名ユーザ,Press button,227
2024-12-08 14:15:55,546,2024/12/08, 14:15:55,匿名ユーザ,Press button,237
2024-12-08 14:15:55,687,2024/12/08, 14:15:55,匿名ユーザ,Press button,247
2024-12-08 14:15:55,843,2024/12/08, 14:15:55,匿名ユーザ,Press button,256
2024-12-08 14:29:34,302,2024/12/08, 14:29:34,匿名ユーザ,Press button,50
2024-12-08 14:29:34,435,2024/12/08, 14:29:34,匿名ユーザ,Press button,60
2024-12-08 14:29:34,738,2024/12/08, 14:29:34,匿名ユーザ,Press button,70
2024-12-08 14:29:35,017,2024/12/08, 14:29:35,匿名ユーザ,Press button,79
2024-12-08 14:29:35,370,2024/12/08, 14:29:35,匿名ユーザ,Press button,89
2024-12-08 14:29:35,464,2024/12/08, 14:29:35,匿名ユーザ,Press button,99
2024-12-08 14:29:35,806,2024/12/08, 14:29:35,匿名ユーザ,Press button,108
2024-12-08 14:29:36,024,2024/12/08, 14:29:36,匿名ユーザ,Press button,118
2024-12-08 14:29:36,389,2024/12/08, 14:29:36,匿名ユーザ,Press button,128
2024-12-08 14:29:36,510,2024/12/08, 14:29:36,匿名ユーザ,Press button,138
2024-12-08 14:29:36,657,2024/12/08, 14:29:36,匿名ユーザ,Press button,148
2024-12-08 14:29:36,819,2024/12/08, 14:29:36,匿名ユーザ,Press button,157
2024-12-08 14:29:36,981,2024/12/08, 14:29:36,匿名ユーザ,Press button,167
2024-12-08 14:29:37,127,2024/12/08, 14:29:37,匿名ユーザ,Press button,177
2024-12-08 14:29:37,259,2024/12/08, 14:29:37,匿名ユーザ,Press button,187
2024-12-08 14:29:37,419,2024/12/08, 14:29:37,匿名ユーザ,Press button,197
2024-12-08 14:29:37,573,2024/12/08, 14:29:37,匿名ユーザ,Press button,207
2024-12-08 14:29:37,736,2024/12/08, 14:29:37,匿名ユーザ,Press button,217
2024-12-08 14:29:37,903,2024/12/08, 14:29:37,匿名ユーザ,Press button,226
2024-12-08 14:29:38,081,2024/12/08, 14:29:38,匿名ユーザ,Press button,236
2024-12-08 14:29:38,391,2024/12/08, 14:29:38,匿名ユーザ,Press button,246
2024-12-08 14:29:38,561,2024/12/08, 14:29:38,匿名ユーザ,Press button,256
2024-12-08 14:29:38,737,2024/12/08, 14:29:38,匿名ユーザ,Press button,266
2024-12-08 14:29:38,883,2024/12/08, 14:29:38,匿名ユーザ,Press button,275
2024-12-08 14:29:39,085,2024/12/08, 14:29:39,匿名ユーザ,Press button,285
2024-12-08 14:29:39,231,2024/12/08, 14:29:39,匿名ユーザ,Press button,295
2024-12-08 14:29:39,456,2024/12/08, 14:29:39,匿名ユーザ,Press button,305
2024-12-08 15:05:35,076,2024/12/08, 15:05:35,匿名ユーザ,Finish printing
2024-12-08 15:29:25,043,2024/12/08, 15:29:25,匿名ユーザ,Object removed
2024-12-08 15:29:33,916,2024/12/08, 15:29:33,匿名ユーザ,Evaluate object, 1
