2024-12-08 17:35:43,300,2024/12/08, 17:35:43,匿名ユーザ,Print start,Small_Tetromino_O.gcode
2024-12-08 17:47:24,648,2024/12/08, 17:47:24,匿名ユーザ,Press button,50
2024-12-08 17:47:24,952,2024/12/08, 17:47:24,匿名ユーザ,Press button,60
2024-12-08 17:47:25,215,2024/12/08, 17:47:25,匿名ユーザ,Press button,69
2024-12-08 17:47:25,332,2024/12/08, 17:47:25,匿名ユーザ,Press button,79
2024-12-08 17:47:25,845,2024/12/08, 17:47:25,匿名ユーザ,Press button,89
2024-12-08 17:47:26,399,2024/12/08, 17:47:26,匿名ユーザ,Press button,98
2024-12-08 17:47:26,531,2024/12/08, 17:47:26,匿名ユーザ,Press button,108
2024-12-08 17:47:26,749,2024/12/08, 17:47:26,匿名ユーザ,Press button,118
2024-12-08 17:47:26,888,2024/12/08, 17:47:26,匿名ユーザ,Press button,128
2024-12-08 17:47:27,027,2024/12/08, 17:47:27,匿名ユーザ,Press button,138
2024-12-08 17:47:27,402,2024/12/08, 17:47:27,匿名ユーザ,Press button,147
2024-12-08 17:47:27,552,2024/12/08, 17:47:27,匿名ユーザ,Press button,157
2024-12-08 17:47:29,103,2024/12/08, 17:47:29,匿名ユーザ,Press button,166
2024-12-08 17:47:29,849,2024/12/08, 17:47:29,匿名ユーザ,Press button,175
2024-12-08 17:47:29,954,2024/12/08, 17:47:29,匿名ユーザ,Press button,185
2024-12-08 17:47:30,146,2024/12/08, 17:47:30,匿名ユーザ,Press button,195
2024-12-08 17:47:30,269,2024/12/08, 17:47:30,匿名ユーザ,Press button,204
2024-12-08 17:47:30,450,2024/12/08, 17:47:30,匿名ユーザ,Press button,214
2024-12-08 17:47:30,578,2024/12/08, 17:47:30,匿名ユーザ,Press button,224
2024-12-08 17:47:30,687,2024/12/08, 17:47:30,匿名ユーザ,Press button,234
2024-12-08 17:47:30,779,2024/12/08, 17:47:30,匿名ユーザ,Press button,244
2024-12-08 17:47:30,882,2024/12/08, 17:47:30,匿名ユーザ,Press button,254
2024-12-08 17:47:30,963,2024/12/08, 17:47:30,匿名ユーザ,Press button,264
2024-12-08 17:47:31,071,2024/12/08, 17:47:31,匿名ユーザ,Press button,274
2024-12-08 17:47:31,180,2024/12/08, 17:47:31,匿名ユーザ,Press button,284
2024-12-08 17:47:31,288,2024/12/08, 17:47:31,匿名ユーザ,Press button,293
2024-12-08 17:47:31,398,2024/12/08, 17:47:31,匿名ユーザ,Press button,303
2024-12-08 17:47:31,500,2024/12/08, 17:47:31,匿名ユーザ,Press button,313
2024-12-08 17:47:31,579,2024/12/08, 17:47:31,匿名ユーザ,Press button,323
2024-12-08 17:47:31,734,2024/12/08, 17:47:31,匿名ユーザ,Press button,333
2024-12-08 17:47:31,821,2024/12/08, 17:47:31,匿名ユーザ,Press button,343
2024-12-08 17:47:32,011,2024/12/08, 17:47:32,匿名ユーザ,Press button,353
2024-12-08 17:47:32,137,2024/12/08, 17:47:32,匿名ユーザ,Press button,363
2024-12-08 17:47:32,364,2024/12/08, 17:47:32,匿名ユーザ,Press button,372
2024-12-08 18:28:56,216,2024/12/08, 18:28:56,匿名ユーザ,Press button,50
2024-12-08 18:28:56,369,2024/12/08, 18:28:56,匿名ユーザ,Press button,59
2024-12-08 18:28:56,513,2024/12/08, 18:28:56,匿名ユーザ,Press button,69
2024-12-08 18:28:56,650,2024/12/08, 18:28:56,匿名ユーザ,Press button,79
2024-12-08 18:28:56,799,2024/12/08, 18:28:56,匿名ユーザ,Press button,89
2024-12-08 18:28:56,920,2024/12/08, 18:28:56,匿名ユーザ,Press button,99
2024-12-08 18:28:57,053,2024/12/08, 18:28:57,匿名ユーザ,Press button,109
2024-12-08 18:28:57,164,2024/12/08, 18:28:57,匿名ユーザ,Press button,119
2024-12-08 18:28:57,297,2024/12/08, 18:28:57,匿名ユーザ,Press button,128
2024-12-08 18:28:57,562,2024/12/08, 18:28:57,匿名ユーザ,Press button,138
2024-12-08 18:28:57,676,2024/12/08, 18:28:57,匿名ユーザ,Press button,148
2024-12-08 18:28:57,813,2024/12/08, 18:28:57,匿名ユーザ,Press button,158
2024-12-08 18:28:57,957,2024/12/08, 18:28:57,匿名ユーザ,Press button,168
2024-12-08 18:28:58,087,2024/12/08, 18:28:58,匿名ユーザ,Press button,178
2024-12-08 18:28:58,213,2024/12/08, 18:28:58,匿名ユーザ,Press button,188
2024-12-08 18:28:58,357,2024/12/08, 18:28:58,匿名ユーザ,Press button,197
2024-12-08 18:28:58,493,2024/12/08, 18:28:58,匿名ユーザ,Press button,207
2024-12-08 18:28:58,607,2024/12/08, 18:28:58,匿名ユーザ,Press button,217
2024-12-08 18:28:58,738,2024/12/08, 18:28:58,匿名ユーザ,Press button,227
2024-12-08 18:28:59,095,2024/12/08, 18:28:59,匿名ユーザ,Press button,237
2024-12-08 18:28:59,393,2024/12/08, 18:28:59,匿名ユーザ,Press button,246
2024-12-08 18:28:59,899,2024/12/08, 18:28:59,匿名ユーザ,Press button,256
2024-12-08 18:29:00,166,2024/12/08, 18:29:00,匿名ユーザ,Press button,266
2024-12-08 18:29:00,442,2024/12/08, 18:29:00,匿名ユーザ,Press button,275
2024-12-08 18:29:00,605,2024/12/08, 18:29:00,匿名ユーザ,Press button,285
2024-12-08 18:29:00,727,2024/12/08, 18:29:00,匿名ユーザ,Press button,295
2024-12-08 18:29:00,878,2024/12/08, 18:29:00,匿名ユーザ,Press button,305
2024-12-08 18:29:00,997,2024/12/08, 18:29:00,匿名ユーザ,Press button,315
2024-12-08 18:29:01,131,2024/12/08, 18:29:01,匿名ユーザ,Press button,325
2024-12-08 18:29:01,266,2024/12/08, 18:29:01,匿名ユーザ,Press button,334
2024-12-08 18:29:01,457,2024/12/08, 18:29:01,匿名ユーザ,Press button,344
2024-12-08 18:29:01,585,2024/12/08, 18:29:01,匿名ユーザ,Press button,354
2024-12-08 18:29:01,709,2024/12/08, 18:29:01,匿名ユーザ,Press button,364
2024-12-08 18:29:01,829,2024/12/08, 18:29:01,匿名ユーザ,Press button,374
2024-12-08 18:29:01,952,2024/12/08, 18:29:01,匿名ユーザ,Press button,384
2024-12-08 18:29:02,065,2024/12/08, 18:29:02,匿名ユーザ,Press button,394
2024-12-08 18:29:02,314,2024/12/08, 18:29:02,匿名ユーザ,Press button,403
2024-12-08 18:29:02,468,2024/12/08, 18:29:02,匿名ユーザ,Press button,413
2024-12-08 18:29:02,556,2024/12/08, 18:29:02,匿名ユーザ,Press button,423
2024-12-08 18:29:02,707,2024/12/08, 18:29:02,匿名ユーザ,Press button,433
2024-12-08 18:29:02,798,2024/12/08, 18:29:02,匿名ユーザ,Press button,443
2024-12-08 18:29:02,960,2024/12/08, 18:29:02,匿名ユーザ,Press button,453
2024-12-08 18:29:03,047,2024/12/08, 18:29:03,匿名ユーザ,Press button,463
2024-12-08 18:29:03,097,2024/12/08, 18:29:03,匿名ユーザ,Press button,473
2024-12-08 18:29:03,176,2024/12/08, 18:29:03,匿名ユーザ,Press button,483
2024-12-08 18:29:03,282,2024/12/08, 18:29:03,匿名ユーザ,Press button,492
2024-12-08 18:29:03,353,2024/12/08, 18:29:03,匿名ユーザ,Press button,500
2024-12-08 18:29:03,492,2024/12/08, 18:29:03,匿名ユーザ,Press button,500
2024-12-08 18:29:03,591,2024/12/08, 18:29:03,匿名ユーザ,Press button,500
2024-12-08 18:29:03,658,2024/12/08, 18:29:03,匿名ユーザ,Press button,500
2024-12-08 18:29:03,722,2024/12/08, 18:29:03,匿名ユーザ,Press button,500
2024-12-08 18:29:03,809,2024/12/08, 18:29:03,匿名ユーザ,Press button,500
2024-12-08 18:29:03,956,2024/12/08, 18:29:03,匿名ユーザ,Press button,500
2024-12-08 18:29:04,059,2024/12/08, 18:29:04,匿名ユーザ,Press button,500
2024-12-08 18:29:04,212,2024/12/08, 18:29:04,匿名ユーザ,Press button,500
2024-12-08 18:29:04,270,2024/12/08, 18:29:04,匿名ユーザ,Press button,499
2024-12-08 18:29:04,479,2024/12/08, 18:29:04,匿名ユーザ,Press button,500
2024-12-08 18:33:47,438,2024/12/08, 18:33:47,匿名ユーザ,Finish printing
2024-12-08 19:10:27,569,2024/12/08, 19:10:27,匿名ユーザ,Object removed
2024-12-08 19:10:33,862,2024/12/08, 19:10:33,匿名ユーザ,Evaluate object, 1
